#
# There is insufficient memory for the Java Runtime Environment to continue.
# Native memory allocation (mmap) failed to map 60817408 bytes for committing reserved memory.
# Possible reasons:
#   The system is out of physical RAM or swap space
#   In 32 bit mode, the process size limit was hit
# Possible solutions:
#   Reduce memory load on the system
#   Increase physical memory or swap space
#   Check if swap backing store is full
#   Use 64 bit Java on a 64 bit OS
#   Decrease Java heap size (-Xmx/-Xms)
#   Decrease number of Java threads
#   Decrease Java thread stack sizes (-Xss)
#   Set larger code cache with -XX:ReservedCodeCacheSize=
# This output file may be truncated or incomplete.
#
#  Out of Memory Error (os_linux.cpp:2673), pid=8068, tid=139814742570752
#
# JRE version: Java(TM) SE Runtime Environment (8.0_45-b14) (build 1.8.0_45-b14)
# Java VM: Java HotSpot(TM) 64-Bit Server VM (25.45-b02 mixed mode linux-amd64 compressed oops)
# Failed to write core dump. Core dumps have been disabled. To enable core dumping, try "ulimit -c unlimited" before starting Java again
#

---------------  T H R E A D  ---------------

Current thread (0x00007f2924078000):  VMThread [stack: 0x00007f292800b000,0x00007f292810c000] [id=8079]

Stack: [0x00007f292800b000,0x00007f292810c000],  sp=0x00007f292810a2e0,  free space=1020k
Native frames: (J=compiled Java code, j=interpreted, Vv=VM code, C=native code)
V  [libjvm.so+0xaac99a]  VMError::report_and_die()+0x2ba
V  [libjvm.so+0x4f333b]  report_vm_out_of_memory(char const*, int, unsigned long, VMErrorType, char const*)+0x8b
V  [libjvm.so+0x90e7c3]  os::Linux::commit_memory_impl(char*, unsigned long, bool)+0x103
V  [libjvm.so+0x90ed19]  os::pd_commit_memory(char*, unsigned long, unsigned long, bool)+0x29
V  [libjvm.so+0x90867a]  os::commit_memory(char*, unsigned long, unsigned long, bool)+0x2a
V  [libjvm.so+0x97bac3]  PSVirtualSpace::expand_by(unsigned long)+0x53
V  [libjvm.so+0x97cec8]  PSYoungGen::resize_generation(unsigned long, unsigned long)+0xf8
V  [libjvm.so+0x97c022]  PSYoungGen::resize(unsigned long, unsigned long)+0x22
V  [libjvm.so+0x9792fb]  PSScavenge::invoke_no_policy()+0xf7b
V  [libjvm.so+0x979a81]  PSScavenge::invoke()+0x41
V  [libjvm.so+0x932050]  ParallelScavengeHeap::failed_mem_allocate(unsigned long)+0x70
V  [libjvm.so+0xaae1d7]  VM_ParallelGCFailedAllocation::doit()+0x97
V  [libjvm.so+0xab59c5]  VM_Operation::evaluate()+0x55
V  [libjvm.so+0xab3d9a]  VMThread::evaluate_operation(VM_Operation*)+0xba
V  [libjvm.so+0xab411e]  VMThread::loop()+0x1ce
V  [libjvm.so+0xab4590]  VMThread::run()+0x70
V  [libjvm.so+0x910de8]  java_start(Thread*)+0x108

VM_Operation (0x00007f292d79e0f0): ParallelGCFailedAllocation, mode: safepoint, requested by thread 0x00007f292400a800


---------------  P R O C E S S  ---------------

Java Threads: ( => current thread )
  0x00007f29240cb800 JavaThread "Service Thread" daemon [_thread_blocked, id=8086, stack(0x00007f2914216000,0x00007f2914317000)]
  0x00007f29240be000 JavaThread "C1 CompilerThread2" daemon [_thread_blocked, id=8085, stack(0x00007f2914317000,0x00007f2914418000)]
  0x00007f29240bc800 JavaThread "C2 CompilerThread1" daemon [_thread_blocked, id=8084, stack(0x00007f2914418000,0x00007f2914519000)]
  0x00007f29240b9800 JavaThread "C2 CompilerThread0" daemon [_thread_blocked, id=8083, stack(0x00007f2914519000,0x00007f291461a000)]
  0x00007f29240b8000 JavaThread "Signal Dispatcher" daemon [_thread_blocked, id=8082, stack(0x00007f291461a000,0x00007f291471b000)]
  0x00007f292407f000 JavaThread "Finalizer" daemon [_thread_blocked, id=8081, stack(0x00007f2914dfe000,0x00007f2914eff000)]
  0x00007f292407d000 JavaThread "Reference Handler" daemon [_thread_blocked, id=8080, stack(0x00007f2914eff000,0x00007f2915000000)]
  0x00007f292400a800 JavaThread "main" [_thread_blocked, id=8074, stack(0x00007f292d69f000,0x00007f292d7a0000)]

Other Threads:
=>0x00007f2924078000 VMThread [stack: 0x00007f292800b000,0x00007f292810c000] [id=8079]
  0x00007f29240cd800 WatcherThread [stack: 0x00007f2914115000,0x00007f2914216000] [id=8087]

VM state:at safepoint (normal execution)

VM Mutex/Monitor currently owned by a thread:  ([mutex/lock_event])
[0x00007f2924006960] Threads_lock - owner thread: 0x00007f2924078000
[0x00007f2924006e60] Heap_lock - owner thread: 0x00007f292400a800

Heap:
 PSYoungGen      total 33280K, used 2536K [0x00000000eab00000, 0x00000000ece00000, 0x0000000100000000)
  eden space 30720K, 0% used [0x00000000eab00000,0x00000000eab00000,0x00000000ec900000)
  from space 2560K, 99% used [0x00000000ec900000,0x00000000ecb7a328,0x00000000ecb80000)
  to   space 2560K, 0% used [0x00000000ecb80000,0x00000000ecb80000,0x00000000ece00000)
 ParOldGen       total 40960K, used 30457K [0x00000000c0000000, 0x00000000c2800000, 0x00000000eab00000)
  object space 40960K, 74% used [0x00000000c0000000,0x00000000c1dbe608,0x00000000c2800000)
 Metaspace       used 7122K, capacity 7768K, committed 7936K, reserved 1056768K
  class space    used 693K, capacity 720K, committed 768K, reserved 1048576K

Card table byte_map: [0x00007f292a276000,0x00007f292a477000] byte_map_base: 0x00007f2929c76000

Marking Bits: (ParMarkBitMap*) 0x00007f292cb74760
 Begin Bits: [0x00007f290e000000, 0x00007f290f000000)
 End Bits:   [0x00007f290f000000, 0x00007f2910000000)

Polling page: 0x00007f292d7bb000

CodeCache: size=245760Kb used=7045Kb max_used=7055Kb free=238714Kb
 bounds [0x00007f2915000000, 0x00007f29156f0000, 0x00007f2924000000]
 total_blobs=2427 nmethods=2134 adapters=207
 compilation: enabled

Compilation events (10 events):
Event: 4,989 Thread 0x00007f29240bc800 nmethod 2117 0x00007f29156df050 code [0x00007f29156df200, 0x00007f29156df768]
Event: 4,989 Thread 0x00007f29240bc800 2141       4       java.nio.ByteBuffer::<init> (45 bytes)
Event: 4,992 Thread 0x00007f29240b9800 nmethod 2152 0x00007f29156e1dd0 code [0x00007f29156e1f80, 0x00007f29156e25f8]
Event: 4,992 Thread 0x00007f29240b9800 2153       4       com.android.dx.io.instructions.OneRegisterDecodedInstruction::withIndex (33 bytes)
Event: 4,993 Thread 0x00007f29240bc800 nmethod 2141 0x00007f29156e1750 code [0x00007f29156e18c0, 0x00007f29156e1af8]
Event: 4,993 Thread 0x00007f29240bc800 2138       4       java.nio.HeapByteBuffer::duplicate (32 bytes)
Event: 4,995 Thread 0x00007f29240be000 2169       2       com.android.dx.io.instructions.ZeroRegisterDecodedInstruction::withIndex (29 bytes)
Event: 4,995 Thread 0x00007f29240b9800 nmethod 2153 0x00007f29156ec8d0 code [0x00007f29156eca20, 0x00007f29156ecc98]
Event: 4,995 Thread 0x00007f29240b9800 2161       4       com.android.dx.io.instructions.InstructionCodec$18::decode (51 bytes)
Event: 4,995 Thread 0x00007f29240be000 nmethod 2169 0x00007f29156dfb10 code [0x00007f29156dfc80, 0x00007f29156dfe88]

GC Heap History (9 events):
Event: 3,329 GC heap before
{Heap before GC invocations=1 (full 0):
 PSYoungGen      total 17920K, used 15360K [0x00000000eab00000, 0x00000000ebf00000, 0x0000000100000000)
  eden space 15360K, 100% used [0x00000000eab00000,0x00000000eba00000,0x00000000eba00000)
  from space 2560K, 0% used [0x00000000ebc80000,0x00000000ebc80000,0x00000000ebf00000)
  to   space 2560K, 0% used [0x00000000eba00000,0x00000000eba00000,0x00000000ebc80000)
 ParOldGen       total 40960K, used 0K [0x00000000c0000000, 0x00000000c2800000, 0x00000000eab00000)
  object space 40960K, 0% used [0x00000000c0000000,0x00000000c0000000,0x00000000c2800000)
 Metaspace       used 5338K, capacity 6704K, committed 6784K, reserved 1056768K
  class space    used 539K, capacity 616K, committed 640K, reserved 1048576K
Event: 3,341 GC heap after
Heap after GC invocations=1 (full 0):
 PSYoungGen      total 17920K, used 2531K [0x00000000eab00000, 0x00000000ebf00000, 0x0000000100000000)
  eden space 15360K, 0% used [0x00000000eab00000,0x00000000eab00000,0x00000000eba00000)
  from space 2560K, 98% used [0x00000000eba00000,0x00000000ebc78cb8,0x00000000ebc80000)
  to   space 2560K, 0% used [0x00000000ebc80000,0x00000000ebc80000,0x00000000ebf00000)
 ParOldGen       total 40960K, used 1790K [0x00000000c0000000, 0x00000000c2800000, 0x00000000eab00000)
  object space 40960K, 4% used [0x00000000c0000000,0x00000000c01bf818,0x00000000c2800000)
 Metaspace       used 5338K, capacity 6704K, committed 6784K, reserved 1056768K
  class space    used 539K, capacity 616K, committed 640K, reserved 1048576K
}
Event: 3,700 GC heap before
{Heap before GC invocations=2 (full 0):
 PSYoungGen      total 17920K, used 17452K [0x00000000eab00000, 0x00000000ebf00000, 0x0000000100000000)
  eden space 15360K, 97% used [0x00000000eab00000,0x00000000eb9925a8,0x00000000eba00000)
  from space 2560K, 98% used [0x00000000eba00000,0x00000000ebc78cb8,0x00000000ebc80000)
  to   space 2560K, 0% used [0x00000000ebc80000,0x00000000ebc80000,0x00000000ebf00000)
 ParOldGen       total 40960K, used 1790K [0x00000000c0000000, 0x00000000c2800000, 0x00000000eab00000)
  object space 40960K, 4% used [0x00000000c0000000,0x00000000c01bf818,0x00000000c2800000)
 Metaspace       used 5510K, capacity 6832K, committed 7040K, reserved 1056768K
  class space    used 542K, capacity 616K, committed 640K, reserved 1048576K
Event: 3,713 GC heap after
Heap after GC invocations=2 (full 0):
 PSYoungGen      total 17920K, used 2554K [0x00000000eab00000, 0x00000000ece00000, 0x0000000100000000)
  eden space 15360K, 0% used [0x00000000eab00000,0x00000000eab00000,0x00000000eba00000)
  from space 2560K, 99% used [0x00000000ebc80000,0x00000000ebefe9f0,0x00000000ebf00000)
  to   space 2560K, 0% used [0x00000000eba00000,0x00000000eba00000,0x00000000ebc80000)
 ParOldGen       total 40960K, used 5313K [0x00000000c0000000, 0x00000000c2800000, 0x00000000eab00000)
  object space 40960K, 12% used [0x00000000c0000000,0x00000000c0530578,0x00000000c2800000)
 Metaspace       used 5510K, capacity 6832K, committed 7040K, reserved 1056768K
  class space    used 542K, capacity 616K, committed 640K, reserved 1048576K
}
Event: 4,543 GC heap before
{Heap before GC invocations=3 (full 0):
 PSYoungGen      total 17920K, used 17914K [0x00000000eab00000, 0x00000000ece00000, 0x0000000100000000)
  eden space 15360K, 100% used [0x00000000eab00000,0x00000000eba00000,0x00000000eba00000)
  from space 2560K, 99% used [0x00000000ebc80000,0x00000000ebefe9f0,0x00000000ebf00000)
  to   space 2560K, 0% used [0x00000000eba00000,0x00000000eba00000,0x00000000ebc80000)
 ParOldGen       total 40960K, used 5313K [0x00000000c0000000, 0x00000000c2800000, 0x00000000eab00000)
  object space 40960K, 12% used [0x00000000c0000000,0x00000000c0530578,0x00000000c2800000)
 Metaspace       used 7040K, capacity 7704K, committed 7936K, reserved 1056768K
  class space    used 693K, capacity 720K, committed 768K, reserved 1048576K
Event: 4,584 GC heap after
Heap after GC invocations=3 (full 0):
 PSYoungGen      total 17920K, used 2548K [0x00000000eab00000, 0x00000000ece00000, 0x0000000100000000)
  eden space 15360K, 0% used [0x00000000eab00000,0x00000000eab00000,0x00000000eba00000)
  from space 2560K, 99% used [0x00000000eba00000,0x00000000ebc7d0c0,0x00000000ebc80000)
  to   space 2560K, 0% used [0x00000000ecb80000,0x00000000ecb80000,0x00000000ece00000)
 ParOldGen       total 40960K, used 8643K [0x00000000c0000000, 0x00000000c2800000, 0x00000000eab00000)
  object space 40960K, 21% used [0x00000000c0000000,0x00000000c0870fa0,0x00000000c2800000)
 Metaspace       used 7040K, capacity 7704K, committed 7936K, reserved 1056768K
  class space    used 693K, capacity 720K, committed 768K, reserved 1048576K
}
Event: 4,771 GC heap before
{Heap before GC invocations=4 (full 0):
 PSYoungGen      total 17920K, used 17908K [0x00000000eab00000, 0x00000000ece00000, 0x0000000100000000)
  eden space 15360K, 100% used [0x00000000eab00000,0x00000000eba00000,0x00000000eba00000)
  from space 2560K, 99% used [0x00000000eba00000,0x00000000ebc7d0c0,0x00000000ebc80000)
  to   space 2560K, 0% used [0x00000000ecb80000,0x00000000ecb80000,0x00000000ece00000)
 ParOldGen       total 40960K, used 8643K [0x00000000c0000000, 0x00000000c2800000, 0x00000000eab00000)
  object space 40960K, 21% used [0x00000000c0000000,0x00000000c0870fa0,0x00000000c2800000)
 Metaspace       used 7090K, capacity 7768K, committed 7936K, reserved 1056768K
  class space    used 693K, capacity 720K, committed 768K, reserved 1048576K
Event: 4,788 GC heap after
Heap after GC invocations=4 (full 0):
 PSYoungGen      total 33280K, used 2551K [0x00000000eab00000, 0x00000000ece00000, 0x0000000100000000)
  eden space 30720K, 0% used [0x00000000eab00000,0x00000000eab00000,0x00000000ec900000)
  from space 2560K, 99% used [0x00000000ecb80000,0x00000000ecdfdc80,0x00000000ece00000)
  to   space 2560K, 0% used [0x00000000ec900000,0x00000000ec900000,0x00000000ecb80000)
 ParOldGen       total 40960K, used 13692K [0x00000000c0000000, 0x00000000c2800000, 0x00000000eab00000)
  object space 40960K, 33% used [0x00000000c0000000,0x00000000c0d5f110,0x00000000c2800000)
 Metaspace       used 7090K, capacity 7768K, committed 7936K, reserved 1056768K
  class space    used 693K, capacity 720K, committed 768K, reserved 1048576K
}
Event: 4,997 GC heap before
{Heap before GC invocations=5 (full 0):
 PSYoungGen      total 33280K, used 33271K [0x00000000eab00000, 0x00000000ece00000, 0x0000000100000000)
  eden space 30720K, 100% used [0x00000000eab00000,0x00000000ec900000,0x00000000ec900000)
  from space 2560K, 99% used [0x00000000ecb80000,0x00000000ecdfdc80,0x00000000ece00000)
  to   space 2560K, 0% used [0x00000000ec900000,0x00000000ec900000,0x00000000ecb80000)
 ParOldGen       total 40960K, used 13692K [0x00000000c0000000, 0x00000000c2800000, 0x00000000eab00000)
  object space 40960K, 33% used [0x00000000c0000000,0x00000000c0d5f110,0x00000000c2800000)
 Metaspace       used 7122K, capacity 7768K, committed 7936K, reserved 1056768K
  class space    used 693K, capacity 720K, committed 768K, reserved 1048576K

Deoptimization events (10 events):
Event: 4,203 Thread 0x00007f292400a800 Uncommon trap: reason=class_check action=maybe_recompile pc=0x00007f29155384c8 method=com.android.dex.Leb128.writeUnsignedLeb128(Lcom/android/dex/util/ByteOutput;I)V @ 40
Event: 4,203 Thread 0x00007f292400a800 Uncommon trap: reason=class_check action=maybe_recompile pc=0x00007f29155384c8 method=com.android.dex.Leb128.writeUnsignedLeb128(Lcom/android/dex/util/ByteOutput;I)V @ 40
Event: 4,203 Thread 0x00007f292400a800 Uncommon trap: reason=class_check action=maybe_recompile pc=0x00007f29155384c8 method=com.android.dex.Leb128.writeUnsignedLeb128(Lcom/android/dex/util/ByteOutput;I)V @ 40
Event: 4,204 Thread 0x00007f292400a800 Uncommon trap: reason=class_check action=maybe_recompile pc=0x00007f29155384c8 method=com.android.dex.Leb128.writeUnsignedLeb128(Lcom/android/dex/util/ByteOutput;I)V @ 40
Event: 4,267 Thread 0x00007f292400a800 Uncommon trap: reason=unstable_if action=reinterpret pc=0x00007f291554ae94 method=java.util.HashMap.putVal(ILjava/lang/Object;Ljava/lang/Object;ZZ)Ljava/lang/Object; @ 162
Event: 4,267 Thread 0x00007f292400a800 Uncommon trap: reason=unstable_if action=reinterpret pc=0x00007f291554387c method=java.util.HashMap.putVal(ILjava/lang/Object;Ljava/lang/Object;ZZ)Ljava/lang/Object; @ 162
Event: 4,284 Thread 0x00007f292400a800 Uncommon trap: reason=predicate action=maybe_recompile pc=0x00007f291557fe84 method=com.android.dex.Leb128.writeUnsignedLeb128(Lcom/android/dex/util/ByteOutput;I)V @ 9
Event: 4,446 Thread 0x00007f292400a800 Uncommon trap: reason=predicate action=maybe_recompile pc=0x00007f29155daa58 method=com.android.dex.Leb128.readUnsignedLeb128(Lcom/android/dex/util/ByteInput;)I @ 41
Event: 4,618 Thread 0x00007f292400a800 Uncommon trap: reason=unstable_if action=reinterpret pc=0x00007f291535af8c method=java.util.HashMap.getNode(ILjava/lang/Object;)Ljava/util/HashMap$Node; @ 84
Event: 4,620 Thread 0x00007f292400a800 Uncommon trap: reason=unstable_if action=reinterpret pc=0x00007f291535a9b4 method=java.util.HashMap.getNode(ILjava/lang/Object;)Ljava/util/HashMap$Node; @ 84

Internal exceptions (2 events):
Event: 0,497 Thread 0x00007f292400a800 Exception <a 'java/lang/NoSuchMethodError': Method sun.misc.Unsafe.defineClass(Ljava/lang/String;[BII)Ljava/lang/Class; name or signature does not match> (0x00000000eab12a38) thrown at [/RE-WORK/workspace/8-2-build-linux-amd64/jdk8u45/3457/hotspot/src/sha
Event: 0,497 Thread 0x00007f292400a800 Exception <a 'java/lang/NoSuchMethodError': Method sun.misc.Unsafe.prefetchRead(Ljava/lang/Object;J)V name or signature does not match> (0x00000000eab12cc8) thrown at [/RE-WORK/workspace/8-2-build-linux-amd64/jdk8u45/3457/hotspot/src/share/vm/prims/jni.cp

Events (10 events):
Event: 4,898 Thread 0x00007f292400a800 DEOPT UNPACKING pc=0x00007f2915047633 sp=0x00007f292d79e0a0 mode 0
Event: 4,898 Thread 0x00007f292400a800 DEOPT PACKING pc=0x00007f29155473fe sp=0x00007f292d79e380
Event: 4,898 Thread 0x00007f292400a800 DEOPT UNPACKING pc=0x00007f2915047633 sp=0x00007f292d79e0a0 mode 0
Event: 4,899 Thread 0x00007f292400a800 DEOPT PACKING pc=0x00007f29155473fe sp=0x00007f292d79e380
Event: 4,899 Thread 0x00007f292400a800 DEOPT UNPACKING pc=0x00007f2915047633 sp=0x00007f292d79e0a0 mode 0
Event: 4,899 Thread 0x00007f292400a800 DEOPT PACKING pc=0x00007f29155473fe sp=0x00007f292d79e380
Event: 4,899 Thread 0x00007f292400a800 DEOPT UNPACKING pc=0x00007f2915047633 sp=0x00007f292d79e0a0 mode 0
Event: 4,899 Thread 0x00007f292400a800 DEOPT PACKING pc=0x00007f29155474f1 sp=0x00007f292d79e380
Event: 4,899 Thread 0x00007f292400a800 DEOPT UNPACKING pc=0x00007f2915047633 sp=0x00007f292d79e0a0 mode 0
Event: 4,997 Executing VM operation: ParallelGCFailedAllocation


Dynamic libraries:
00400000-00401000 r-xp 00000000 08:06 927070                             /usr/lib/jvm/jdk1.8.0_45/bin/java
00600000-00601000 rw-p 00000000 08:06 927070                             /usr/lib/jvm/jdk1.8.0_45/bin/java
00bd4000-00bf5000 rw-p 00000000 00:00 0                                  [heap]
c0000000-c2800000 rw-p 00000000 00:00 0 
c2800000-eab00000 ---p 00000000 00:00 0 
eab00000-ece00000 rw-p 00000000 00:00 0 
f0800000-100000000 ---p 00000000 00:00 0 
100000000-1000c0000 rw-p 00000000 00:00 0 
1000c0000-140000000 ---p 00000000 00:00 0 
7f28d8000000-7f28d8021000 rw-p 00000000 00:00 0 
7f28d8021000-7f28dc000000 ---p 00000000 00:00 0 
7f28dc000000-7f28dc021000 rw-p 00000000 00:00 0 
7f28dc021000-7f28e0000000 ---p 00000000 00:00 0 
7f28e0000000-7f28e0648000 rw-p 00000000 00:00 0 
7f28e0648000-7f28e4000000 ---p 00000000 00:00 0 
7f28e4000000-7f28e455f000 rw-p 00000000 00:00 0 
7f28e455f000-7f28e8000000 ---p 00000000 00:00 0 
7f28e8000000-7f28e8021000 rw-p 00000000 00:00 0 
7f28e8021000-7f28ec000000 ---p 00000000 00:00 0 
7f28ec000000-7f28eccc6000 rw-p 00000000 00:00 0 
7f28eccc6000-7f28f0000000 ---p 00000000 00:00 0 
7f28f0000000-7f28f0021000 rw-p 00000000 00:00 0 
7f28f0021000-7f28f4000000 ---p 00000000 00:00 0 
7f28f4000000-7f28f4021000 rw-p 00000000 00:00 0 
7f28f4021000-7f28f8000000 ---p 00000000 00:00 0 
7f28f8000000-7f28f8021000 rw-p 00000000 00:00 0 
7f28f8021000-7f28fc000000 ---p 00000000 00:00 0 
7f28fc000000-7f28fc28a000 rw-p 00000000 00:00 0 
7f28fc28a000-7f2900000000 ---p 00000000 00:00 0 
7f2900000000-7f2900021000 rw-p 00000000 00:00 0 
7f2900021000-7f2904000000 ---p 00000000 00:00 0 
7f2908000000-7f2908021000 rw-p 00000000 00:00 0 
7f2908021000-7f290c000000 ---p 00000000 00:00 0 
7f290e000000-7f2910000000 rw-p 00000000 00:00 0 
7f2910000000-7f2910021000 rw-p 00000000 00:00 0 
7f2910021000-7f2914000000 ---p 00000000 00:00 0 
7f2914106000-7f2914115000 r--s 000dd000 08:07 666332                     /home/fausta/Android/Sdk/build-tools/21.1.2/lib/dx.jar
7f2914115000-7f2914116000 ---p 00000000 00:00 0 
7f2914116000-7f2914216000 rw-p 00000000 00:00 0                          [stack:8087]
7f2914216000-7f2914219000 ---p 00000000 00:00 0 
7f2914219000-7f2914317000 rw-p 00000000 00:00 0                          [stack:8086]
7f2914317000-7f291431a000 ---p 00000000 00:00 0 
7f291431a000-7f2914418000 rw-p 00000000 00:00 0                          [stack:8085]
7f2914418000-7f291441b000 ---p 00000000 00:00 0 
7f291441b000-7f2914519000 rw-p 00000000 00:00 0                          [stack:8084]
7f2914519000-7f291451c000 ---p 00000000 00:00 0 
7f291451c000-7f291461a000 rw-p 00000000 00:00 0                          [stack:8083]
7f291461a000-7f291461d000 ---p 00000000 00:00 0 
7f291461d000-7f291471b000 rw-p 00000000 00:00 0                          [stack:8082]
7f291471b000-7f2914dfe000 r--p 00000000 08:06 1051360                    /usr/lib/locale/locale-archive
7f2914dfe000-7f2914e01000 ---p 00000000 00:00 0 
7f2914e01000-7f2914eff000 rw-p 00000000 00:00 0                          [stack:8081]
7f2914eff000-7f2914f02000 ---p 00000000 00:00 0 
7f2914f02000-7f2915000000 rw-p 00000000 00:00 0                          [stack:8080]
7f2915000000-7f29156f0000 rwxp 00000000 00:00 0 
7f29156f0000-7f2924000000 ---p 00000000 00:00 0 
7f2924000000-7f2924395000 rw-p 00000000 00:00 0 
7f2924395000-7f2928000000 ---p 00000000 00:00 0 
7f292800b000-7f292800c000 ---p 00000000 00:00 0 
7f292800c000-7f29290cd000 rw-p 00000000 00:00 0                          [stack:8079]
7f29290cd000-7f29292a6000 r--s 03d09000 08:06 1065733                    /usr/lib/jvm/jdk1.8.0_45/jre/lib/rt.jar
7f29292a6000-7f2929a1c000 rw-p 00000000 00:00 0 
7f2929a1c000-7f2929b1c000 ---p 00000000 00:00 0 
7f2929b1c000-7f2929d1c000 rw-p 00000000 00:00 0 
7f2929d1c000-7f2929d1d000 ---p 00000000 00:00 0 
7f2929d1d000-7f2929e1d000 rw-p 00000000 00:00 0                          [stack:8078]
7f2929e1d000-7f2929e1e000 ---p 00000000 00:00 0 
7f2929e1e000-7f2929f1e000 rw-p 00000000 00:00 0                          [stack:8077]
7f2929f1e000-7f2929f1f000 ---p 00000000 00:00 0 
7f2929f1f000-7f292a01f000 rw-p 00000000 00:00 0                          [stack:8076]
7f292a01f000-7f292a020000 ---p 00000000 00:00 0 
7f292a020000-7f292a134000 rw-p 00000000 00:00 0                          [stack:8075]
7f292a134000-7f292a276000 ---p 00000000 00:00 0 
7f292a276000-7f292a28a000 rw-p 00000000 00:00 0 
7f292a28a000-7f292a3cb000 ---p 00000000 00:00 0 
7f292a3cb000-7f292a3dd000 rw-p 00000000 00:00 0 
7f292a3dd000-7f292a476000 ---p 00000000 00:00 0 
7f292a476000-7f292a493000 rw-p 00000000 00:00 0 
7f292a493000-7f292a837000 ---p 00000000 00:00 0 
7f292a837000-7f292a851000 r-xp 00000000 08:06 1191848                    /usr/lib/jvm/jdk1.8.0_45/jre/lib/amd64/libzip.so
7f292a851000-7f292aa51000 ---p 0001a000 08:06 1191848                    /usr/lib/jvm/jdk1.8.0_45/jre/lib/amd64/libzip.so
7f292aa51000-7f292aa52000 rw-p 0001a000 08:06 1191848                    /usr/lib/jvm/jdk1.8.0_45/jre/lib/amd64/libzip.so
7f292aa52000-7f292aa5d000 r-xp 00000000 08:06 784997                     /lib/x86_64-linux-gnu/libnss_files-2.19.so
7f292aa5d000-7f292ac5c000 ---p 0000b000 08:06 784997                     /lib/x86_64-linux-gnu/libnss_files-2.19.so
7f292ac5c000-7f292ac5d000 r--p 0000a000 08:06 784997                     /lib/x86_64-linux-gnu/libnss_files-2.19.so
7f292ac5d000-7f292ac5e000 rw-p 0000b000 08:06 784997                     /lib/x86_64-linux-gnu/libnss_files-2.19.so
7f292ac5e000-7f292ac69000 r-xp 00000000 08:06 789449                     /lib/x86_64-linux-gnu/libnss_nis-2.19.so
7f292ac69000-7f292ae68000 ---p 0000b000 08:06 789449                     /lib/x86_64-linux-gnu/libnss_nis-2.19.so
7f292ae68000-7f292ae69000 r--p 0000a000 08:06 789449                     /lib/x86_64-linux-gnu/libnss_nis-2.19.so
7f292ae69000-7f292ae6a000 rw-p 0000b000 08:06 789449                     /lib/x86_64-linux-gnu/libnss_nis-2.19.so
7f292ae6a000-7f292ae81000 r-xp 00000000 08:06 789438                     /lib/x86_64-linux-gnu/libnsl-2.19.so
7f292ae81000-7f292b080000 ---p 00017000 08:06 789438                     /lib/x86_64-linux-gnu/libnsl-2.19.so
7f292b080000-7f292b081000 r--p 00016000 08:06 789438                     /lib/x86_64-linux-gnu/libnsl-2.19.so
7f292b081000-7f292b082000 rw-p 00017000 08:06 789438                     /lib/x86_64-linux-gnu/libnsl-2.19.so
7f292b082000-7f292b084000 rw-p 00000000 00:00 0 
7f292b084000-7f292b08d000 r-xp 00000000 08:06 789437                     /lib/x86_64-linux-gnu/libnss_compat-2.19.so
7f292b08d000-7f292b28c000 ---p 00009000 08:06 789437                     /lib/x86_64-linux-gnu/libnss_compat-2.19.so
7f292b28c000-7f292b28d000 r--p 00008000 08:06 789437                     /lib/x86_64-linux-gnu/libnss_compat-2.19.so
7f292b28d000-7f292b28e000 rw-p 00009000 08:06 789437                     /lib/x86_64-linux-gnu/libnss_compat-2.19.so
7f292b28e000-7f292b2b8000 r-xp 00000000 08:06 1191865                    /usr/lib/jvm/jdk1.8.0_45/jre/lib/amd64/libjava.so
7f292b2b8000-7f292b4b8000 ---p 0002a000 08:06 1191865                    /usr/lib/jvm/jdk1.8.0_45/jre/lib/amd64/libjava.so
7f292b4b8000-7f292b4ba000 rw-p 0002a000 08:06 1191865                    /usr/lib/jvm/jdk1.8.0_45/jre/lib/amd64/libjava.so
7f292b4ba000-7f292b4c7000 r-xp 00000000 08:06 1191866                    /usr/lib/jvm/jdk1.8.0_45/jre/lib/amd64/libverify.so
7f292b4c7000-7f292b6c7000 ---p 0000d000 08:06 1191866                    /usr/lib/jvm/jdk1.8.0_45/jre/lib/amd64/libverify.so
7f292b6c7000-7f292b6c9000 rw-p 0000d000 08:06 1191866                    /usr/lib/jvm/jdk1.8.0_45/jre/lib/amd64/libverify.so
7f292b6c9000-7f292b6d0000 r-xp 00000000 08:06 789446                     /lib/x86_64-linux-gnu/librt-2.19.so
7f292b6d0000-7f292b8cf000 ---p 00007000 08:06 789446                     /lib/x86_64-linux-gnu/librt-2.19.so
7f292b8cf000-7f292b8d0000 r--p 00006000 08:06 789446                     /lib/x86_64-linux-gnu/librt-2.19.so
7f292b8d0000-7f292b8d1000 rw-p 00007000 08:06 789446                     /lib/x86_64-linux-gnu/librt-2.19.so
7f292b8d1000-7f292b9d6000 r-xp 00000000 08:06 784996                     /lib/x86_64-linux-gnu/libm-2.19.so
7f292b9d6000-7f292bbd5000 ---p 00105000 08:06 784996                     /lib/x86_64-linux-gnu/libm-2.19.so
7f292bbd5000-7f292bbd6000 r--p 00104000 08:06 784996                     /lib/x86_64-linux-gnu/libm-2.19.so
7f292bbd6000-7f292bbd7000 rw-p 00105000 08:06 784996                     /lib/x86_64-linux-gnu/libm-2.19.so
7f292bbd7000-7f292c885000 r-xp 00000000 08:06 1191878                    /usr/lib/jvm/jdk1.8.0_45/jre/lib/amd64/server/libjvm.so
7f292c885000-7f292ca84000 ---p 00cae000 08:06 1191878                    /usr/lib/jvm/jdk1.8.0_45/jre/lib/amd64/server/libjvm.so
7f292ca84000-7f292cb5b000 rw-p 00cad000 08:06 1191878                    /usr/lib/jvm/jdk1.8.0_45/jre/lib/amd64/server/libjvm.so
7f292cb5b000-7f292cb9f000 rw-p 00000000 00:00 0 
7f292cb9f000-7f292cd5a000 r-xp 00000000 08:06 789443                     /lib/x86_64-linux-gnu/libc-2.19.so
7f292cd5a000-7f292cf59000 ---p 001bb000 08:06 789443                     /lib/x86_64-linux-gnu/libc-2.19.so
7f292cf59000-7f292cf5d000 r--p 001ba000 08:06 789443                     /lib/x86_64-linux-gnu/libc-2.19.so
7f292cf5d000-7f292cf5f000 rw-p 001be000 08:06 789443                     /lib/x86_64-linux-gnu/libc-2.19.so
7f292cf5f000-7f292cf64000 rw-p 00000000 00:00 0 
7f292cf64000-7f292cf67000 r-xp 00000000 08:06 785000                     /lib/x86_64-linux-gnu/libdl-2.19.so
7f292cf67000-7f292d166000 ---p 00003000 08:06 785000                     /lib/x86_64-linux-gnu/libdl-2.19.so
7f292d166000-7f292d167000 r--p 00002000 08:06 785000                     /lib/x86_64-linux-gnu/libdl-2.19.so
7f292d167000-7f292d168000 rw-p 00003000 08:06 785000                     /lib/x86_64-linux-gnu/libdl-2.19.so
7f292d168000-7f292d17d000 r-xp 00000000 08:06 927023                     /usr/lib/jvm/jdk1.8.0_45/lib/amd64/jli/libjli.so
7f292d17d000-7f292d37d000 ---p 00015000 08:06 927023                     /usr/lib/jvm/jdk1.8.0_45/lib/amd64/jli/libjli.so
7f292d37d000-7f292d37e000 rw-p 00015000 08:06 927023                     /usr/lib/jvm/jdk1.8.0_45/lib/amd64/jli/libjli.so
7f292d37e000-7f292d397000 r-xp 00000000 08:06 789444                     /lib/x86_64-linux-gnu/libpthread-2.19.so
7f292d397000-7f292d596000 ---p 00019000 08:06 789444                     /lib/x86_64-linux-gnu/libpthread-2.19.so
7f292d596000-7f292d597000 r--p 00018000 08:06 789444                     /lib/x86_64-linux-gnu/libpthread-2.19.so
7f292d597000-7f292d598000 rw-p 00019000 08:06 789444                     /lib/x86_64-linux-gnu/libpthread-2.19.so
7f292d598000-7f292d59c000 rw-p 00000000 00:00 0 
7f292d59c000-7f292d5bf000 r-xp 00000000 08:06 789440                     /lib/x86_64-linux-gnu/ld-2.19.so
7f292d5c6000-7f292d69f000 rw-p 00000000 00:00 0 
7f292d69f000-7f292d6a2000 ---p 00000000 00:00 0 
7f292d6a2000-7f292d7a4000 rw-p 00000000 00:00 0                          [stack:8074]
7f292d7ac000-7f292d7ad000 rw-p 00000000 00:00 0 
7f292d7ad000-7f292d7b2000 r--s 00094000 08:06 1065742                    /usr/lib/jvm/jdk1.8.0_45/jre/lib/jsse.jar
7f292d7b2000-7f292d7ba000 rw-s 00000000 08:06 392540                     /tmp/hsperfdata_fausta/8068
7f292d7ba000-7f292d7bb000 rw-p 00000000 00:00 0 
7f292d7bb000-7f292d7bc000 ---p 00000000 00:00 0 
7f292d7bc000-7f292d7be000 rw-p 00000000 00:00 0 
7f292d7be000-7f292d7bf000 r--p 00022000 08:06 789440                     /lib/x86_64-linux-gnu/ld-2.19.so
7f292d7bf000-7f292d7c0000 rw-p 00023000 08:06 789440                     /lib/x86_64-linux-gnu/ld-2.19.so
7f292d7c0000-7f292d7c1000 rw-p 00000000 00:00 0 
7ffd1c0dc000-7ffd1c0fd000 rw-p 00000000 00:00 0                          [stack]
7ffd1c1bd000-7ffd1c1bf000 r-xp 00000000 00:00 0                          [vdso]
7ffd1c1bf000-7ffd1c1c1000 r--p 00000000 00:00 0                          [vvar]
ffffffffff600000-ffffffffff601000 r-xp 00000000 00:00 0                  [vsyscall]

VM Arguments:
jvm_args: -Xmx1024M -Dfile.encoding=UTF-8 -Duser.country=US -Duser.language=en -Duser.variant 
java_command: com.android.dx.command.Main --dex --output /home/fausta/AndroidStudioProjects/COLLEGE_ASSIGNMENT/Group/boxfight/app/build/intermediates/dex/debug /home/fausta/AndroidStudioProjects/COLLEGE_ASSIGNMENT/Group/boxfight/app/build/intermediates/classes/debug /home/fausta/AndroidStudioProjects/COLLEGE_ASSIGNMENT/Group/boxfight/app/build/intermediates/pre-dexed/debug/support-annotations-22.2.1-54cd119c27d33ce7b515135023b4ca757cd2fa75.jar /home/fausta/AndroidStudioProjects/COLLEGE_ASSIGNMENT/Group/boxfight/app/build/intermediates/pre-dexed/debug/classes-aa2e3caae7d774621e45ac1c78b8c77b06332977.jar /home/fausta/AndroidStudioProjects/COLLEGE_ASSIGNMENT/Group/boxfight/app/build/intermediates/pre-dexed/debug/internal_impl-22.2.1-1cc58811a006bc34df3a238ec51840617876cd65.jar /home/fausta/AndroidStudioProjects/COLLEGE_ASSIGNMENT/Group/boxfight/app/build/intermediates/pre-dexed/debug/classes-d814ea26d7c90b851af94bdb5ee9f1cacc24b220.jar /home/fausta/AndroidStudioProjects/COLLEGE_ASSIGNMENT/Group/boxfight/app/build/intermediates/pre-dexed/debug/classes-44e40ce4910c8870fc159a3085bfade2406a7c5a.jar
java_class_path (initial): /home/fausta/Android/Sdk/build-tools/21.1.2/lib/dx.jar
Launcher Type: SUN_STANDARD

Environment Variables:
PATH=/usr/local/sbin:/usr/local/bin:/usr/sbin:/usr/bin:/sbin:/bin:/usr/games:/usr/local/games:/home/fausta/Android/Sdk/tools:/home/fausta/Android/Sdk/platform-tools
SHELL=/bin/bash
DISPLAY=:0

Signal Handlers:
SIGSEGV: [libjvm.so+0xaad1e0], sa_mask[0]=11111111011111111101111111111110, sa_flags=SA_RESTART|SA_SIGINFO
SIGBUS: [libjvm.so+0xaad1e0], sa_mask[0]=11111111011111111101111111111110, sa_flags=SA_RESTART|SA_SIGINFO
SIGFPE: [libjvm.so+0x90b450], sa_mask[0]=11111111011111111101111111111110, sa_flags=SA_RESTART|SA_SIGINFO
SIGPIPE: [libjvm.so+0x90b450], sa_mask[0]=11111111011111111101111111111110, sa_flags=SA_RESTART|SA_SIGINFO
SIGXFSZ: [libjvm.so+0x90b450], sa_mask[0]=11111111011111111101111111111110, sa_flags=SA_RESTART|SA_SIGINFO
SIGILL: [libjvm.so+0x90b450], sa_mask[0]=11111111011111111101111111111110, sa_flags=SA_RESTART|SA_SIGINFO
SIGUSR1: SIG_DFL, sa_mask[0]=00000000000000000000000000000000, sa_flags=none
SIGUSR2: [libjvm.so+0x90ca90], sa_mask[0]=00100000000000000000000000000000, sa_flags=SA_RESTART|SA_SIGINFO
SIGHUP: [libjvm.so+0x90dde0], sa_mask[0]=11111111011111111101111111111110, sa_flags=SA_RESTART|SA_SIGINFO
SIGINT: [libjvm.so+0x90dde0], sa_mask[0]=11111111011111111101111111111110, sa_flags=SA_RESTART|SA_SIGINFO
SIGTERM: [libjvm.so+0x90dde0], sa_mask[0]=11111111011111111101111111111110, sa_flags=SA_RESTART|SA_SIGINFO
SIGQUIT: [libjvm.so+0x90dde0], sa_mask[0]=11111111011111111101111111111110, sa_flags=SA_RESTART|SA_SIGINFO


---------------  S Y S T E M  ---------------

OS:DISTRIB_ID=Ubuntu
DISTRIB_RELEASE=14.04
DISTRIB_CODENAME=trusty
DISTRIB_DESCRIPTION="Ubuntu 14.04.3 LTS"

uname:Linux 3.16.0-57-generic #77~14.04.1-Ubuntu SMP Thu Dec 17 23:20:00 UTC 2015 x86_64
libc:glibc 2.19 NPTL 2.19 
rlimit: STACK 8192k, CORE 0k, NPROC 15078, NOFILE 4096, AS infinity
load average:3,52 2,07 1,84

/proc/meminfo:
MemTotal:        3881684 kB
MemFree:          111000 kB
MemAvailable:      58628 kB
Buffers:             340 kB
Cached:           542480 kB
SwapCached:            0 kB
Active:          2459748 kB
Inactive:         464636 kB
Active(anon):    2451700 kB
Inactive(anon):   440156 kB
Active(file):       8048 kB
Inactive(file):    24480 kB
Unevictable:          32 kB
Mlocked:              32 kB
SwapTotal:             0 kB
SwapFree:              0 kB
Dirty:                56 kB
Writeback:             0 kB
AnonPages:       2382100 kB
Mapped:           899956 kB
Shmem:            509804 kB
Slab:              67396 kB
SReclaimable:      31660 kB
SUnreclaim:        35736 kB
KernelStack:        9056 kB
PageTables:        33780 kB
NFS_Unstable:          0 kB
Bounce:                0 kB
WritebackTmp:          0 kB
CommitLimit:     1940840 kB
Committed_AS:    6133396 kB
VmallocTotal:   34359738367 kB
VmallocUsed:      545648 kB
VmallocChunk:   34359182252 kB
HardwareCorrupted:     0 kB
AnonHugePages:    729088 kB
HugePages_Total:       0
HugePages_Free:        0
HugePages_Rsvd:        0
HugePages_Surp:        0
Hugepagesize:       2048 kB
DirectMap4k:       78592 kB
DirectMap2M:     3948544 kB


CPU:total 4 (2 cores per cpu, 2 threads per core) family 6 model 42 stepping 7, cmov, cx8, fxsr, mmx, sse, sse2, sse3, ssse3, sse4.1, sse4.2, popcnt, avx, clmul, ht, tsc, tscinvbit

/proc/cpuinfo:
processor	: 0
vendor_id	: GenuineIntel
cpu family	: 6
model		: 42
model name	: Intel(R) Core(TM) i3-2328M CPU @ 2.20GHz
stepping	: 7
microcode	: 0x26
cpu MHz		: 850.007
cache size	: 3072 KB
physical id	: 0
siblings	: 4
core id		: 0
cpu cores	: 2
apicid		: 0
initial apicid	: 0
fpu		: yes
fpu_exception	: yes
cpuid level	: 13
wp		: yes
flags		: fpu vme de pse tsc msr pae mce cx8 apic sep mtrr pge mca cmov pat pse36 clflush dts acpi mmx fxsr sse sse2 ss ht tm pbe syscall nx rdtscp lm constant_tsc arch_perfmon pebs bts rep_good nopl xtopology nonstop_tsc aperfmperf eagerfpu pni pclmulqdq dtes64 monitor ds_cpl vmx est tm2 ssse3 cx16 xtpr pdcm pcid sse4_1 sse4_2 x2apic popcnt tsc_deadline_timer xsave avx lahf_lm arat epb xsaveopt pln pts dtherm tpr_shadow vnmi flexpriority ept vpid
bogomips	: 4389.91
clflush size	: 64
cache_alignment	: 64
address sizes	: 36 bits physical, 48 bits virtual
power management:

processor	: 1
vendor_id	: GenuineIntel
cpu family	: 6
model		: 42
model name	: Intel(R) Core(TM) i3-2328M CPU @ 2.20GHz
stepping	: 7
microcode	: 0x26
cpu MHz		: 898.734
cache size	: 3072 KB
physical id	: 0
siblings	: 4
core id		: 0
cpu cores	: 2
apicid		: 1
initial apicid	: 1
fpu		: yes
fpu_exception	: yes
cpuid level	: 13
wp		: yes
flags		: fpu vme de pse tsc msr pae mce cx8 apic sep mtrr pge mca cmov pat pse36 clflush dts acpi mmx fxsr sse sse2 ss ht tm pbe syscall nx rdtscp lm constant_tsc arch_perfmon pebs bts rep_good nopl xtopology nonstop_tsc aperfmperf eagerfpu pni pclmulqdq dtes64 monitor ds_cpl vmx est tm2 ssse3 cx16 xtpr pdcm pcid sse4_1 sse4_2 x2apic popcnt tsc_deadline_timer xsave avx lahf_lm arat epb xsaveopt pln pts dtherm tpr_shadow vnmi flexpriority ept vpid
bogomips	: 4389.91
clflush size	: 64
cache_alignment	: 64
address sizes	: 36 bits physical, 48 bits virtual
power management:

processor	: 2
vendor_id	: GenuineIntel
cpu family	: 6
model		: 42
model name	: Intel(R) Core(TM) i3-2328M CPU @ 2.20GHz
stepping	: 7
microcode	: 0x26
cpu MHz		: 993.093
cache size	: 3072 KB
physical id	: 0
siblings	: 4
core id		: 1
cpu cores	: 2
apicid		: 2
initial apicid	: 2
fpu		: yes
fpu_exception	: yes
cpuid level	: 13
wp		: yes
flags		: fpu vme de pse tsc msr pae mce cx8 apic sep mtrr pge mca cmov pat pse36 clflush dts acpi mmx fxsr sse sse2 ss ht tm pbe syscall nx rdtscp lm constant_tsc arch_perfmon pebs bts rep_good nopl xtopology nonstop_tsc aperfmperf eagerfpu pni pclmulqdq dtes64 monitor ds_cpl vmx est tm2 ssse3 cx16 xtpr pdcm pcid sse4_1 sse4_2 x2apic popcnt tsc_deadline_timer xsave avx lahf_lm arat epb xsaveopt pln pts dtherm tpr_shadow vnmi flexpriority ept vpid
bogomips	: 4389.91
clflush size	: 64
cache_alignment	: 64
address sizes	: 36 bits physical, 48 bits virtual
power management:

processor	: 3
vendor_id	: GenuineIntel
cpu family	: 6
model		: 42
model name	: Intel(R) Core(TM) i3-2328M CPU @ 2.20GHz
stepping	: 7
microcode	: 0x26
cpu MHz		: 948.578
cache size	: 3072 KB
physical id	: 0
siblings	: 4
core id		: 1
cpu cores	: 2
apicid		: 3
initial apicid	: 3
fpu		: yes
fpu_exception	: yes
cpuid level	: 13
wp		: yes
flags		: fpu vme de pse tsc msr pae mce cx8 apic sep mtrr pge mca cmov pat pse36 clflush dts acpi mmx fxsr sse sse2 ss ht tm pbe syscall nx rdtscp lm constant_tsc arch_perfmon pebs bts rep_good nopl xtopology nonstop_tsc aperfmperf eagerfpu pni pclmulqdq dtes64 monitor ds_cpl vmx est tm2 ssse3 cx16 xtpr pdcm pcid sse4_1 sse4_2 x2apic popcnt tsc_deadline_timer xsave avx lahf_lm arat epb xsaveopt pln pts dtherm tpr_shadow vnmi flexpriority ept vpid
bogomips	: 4389.91
clflush size	: 64
cache_alignment	: 64
address sizes	: 36 bits physical, 48 bits virtual
power management:



Memory: 4k page, physical 3881684k(111000k free), swap 0k(0k free)

vm_info: Java HotSpot(TM) 64-Bit Server VM (25.45-b02) for linux-amd64 JRE (1.8.0_45-b14), built on Apr 10 2015 10:07:45 by "java_re" with gcc 4.3.0 20080428 (Red Hat 4.3.0-8)

time: Sun Jan 10 20:15:30 2016
elapsed time: 11 seconds (0d 0h 0m 11s)

