#
# There is insufficient memory for the Java Runtime Environment to continue.
# Native memory allocation (mmap) failed to map 53477376 bytes for committing reserved memory.
# Possible reasons:
#   The system is out of physical RAM or swap space
#   In 32 bit mode, the process size limit was hit
# Possible solutions:
#   Reduce memory load on the system
#   Increase physical memory or swap space
#   Check if swap backing store is full
#   Use 64 bit Java on a 64 bit OS
#   Decrease Java heap size (-Xmx/-Xms)
#   Decrease number of Java threads
#   Decrease Java thread stack sizes (-Xss)
#   Set larger code cache with -XX:ReservedCodeCacheSize=
# This output file may be truncated or incomplete.
#
#  Out of Memory Error (os_linux.cpp:2673), pid=3959, tid=140512535230208
#
# JRE version: Java(TM) SE Runtime Environment (8.0_45-b14) (build 1.8.0_45-b14)
# Java VM: Java HotSpot(TM) 64-Bit Server VM (25.45-b02 mixed mode linux-amd64 compressed oops)
# Failed to write core dump. Core dumps have been disabled. To enable core dumping, try "ulimit -c unlimited" before starting Java again
#

---------------  T H R E A D  ---------------

Current thread (0x00007fcbc0078000):  VMThread [stack: 0x00007fcb9fafb000,0x00007fcb9fbfc000] [id=3970]

Stack: [0x00007fcb9fafb000,0x00007fcb9fbfc000],  sp=0x00007fcb9fbfa160,  free space=1020k
Native frames: (J=compiled Java code, j=interpreted, Vv=VM code, C=native code)
V  [libjvm.so+0xaac99a]  VMError::report_and_die()+0x2ba
V  [libjvm.so+0x4f333b]  report_vm_out_of_memory(char const*, int, unsigned long, VMErrorType, char const*)+0x8b
V  [libjvm.so+0x90e7c3]  os::Linux::commit_memory_impl(char*, unsigned long, bool)+0x103
V  [libjvm.so+0x90ed19]  os::pd_commit_memory(char*, unsigned long, unsigned long, bool)+0x29
V  [libjvm.so+0x90867a]  os::commit_memory(char*, unsigned long, unsigned long, bool)+0x2a
V  [libjvm.so+0x97bac3]  PSVirtualSpace::expand_by(unsigned long)+0x53
V  [libjvm.so+0x97cec8]  PSYoungGen::resize_generation(unsigned long, unsigned long)+0xf8
V  [libjvm.so+0x97c022]  PSYoungGen::resize(unsigned long, unsigned long)+0x22
V  [libjvm.so+0x9792fb]  PSScavenge::invoke_no_policy()+0xf7b
V  [libjvm.so+0x979a81]  PSScavenge::invoke()+0x41
V  [libjvm.so+0x932050]  ParallelScavengeHeap::failed_mem_allocate(unsigned long)+0x70
V  [libjvm.so+0xaae1d7]  VM_ParallelGCFailedAllocation::doit()+0x97
V  [libjvm.so+0xab59c5]  VM_Operation::evaluate()+0x55
V  [libjvm.so+0xab3d9a]  VMThread::evaluate_operation(VM_Operation*)+0xba
V  [libjvm.so+0xab411e]  VMThread::loop()+0x1ce
V  [libjvm.so+0xab4590]  VMThread::run()+0x70
V  [libjvm.so+0x910de8]  java_start(Thread*)+0x108

VM_Operation (0x00007fcbc629c0b0): ParallelGCFailedAllocation, mode: safepoint, requested by thread 0x00007fcbc000a800


---------------  P R O C E S S  ---------------

Java Threads: ( => current thread )
  0x00007fcbc00cb800 JavaThread "Service Thread" daemon [_thread_blocked, id=3977, stack(0x00007fcb9ed11000,0x00007fcb9ee12000)]
  0x00007fcbc00be000 JavaThread "C1 CompilerThread2" daemon [_thread_blocked, id=3976, stack(0x00007fcb9ee12000,0x00007fcb9ef13000)]
  0x00007fcbc00bc800 JavaThread "C2 CompilerThread1" daemon [_thread_blocked, id=3975, stack(0x00007fcb9ef13000,0x00007fcb9f014000)]
  0x00007fcbc00b9800 JavaThread "C2 CompilerThread0" daemon [_thread_blocked, id=3974, stack(0x00007fcb9f014000,0x00007fcb9f115000)]
  0x00007fcbc00b8000 JavaThread "Signal Dispatcher" daemon [_thread_blocked, id=3973, stack(0x00007fcb9f115000,0x00007fcb9f216000)]
  0x00007fcbc007f000 JavaThread "Finalizer" daemon [_thread_blocked, id=3972, stack(0x00007fcb9f8f9000,0x00007fcb9f9fa000)]
  0x00007fcbc007d000 JavaThread "Reference Handler" daemon [_thread_blocked, id=3971, stack(0x00007fcb9f9fa000,0x00007fcb9fafb000)]
  0x00007fcbc000a800 JavaThread "main" [_thread_blocked, id=3965, stack(0x00007fcbc619d000,0x00007fcbc629e000)]

Other Threads:
=>0x00007fcbc0078000 VMThread [stack: 0x00007fcb9fafb000,0x00007fcb9fbfc000] [id=3970]
  0x00007fcbc00cd800 WatcherThread [stack: 0x00007fcb9ec10000,0x00007fcb9ed11000] [id=3978]

VM state:at safepoint (normal execution)

VM Mutex/Monitor currently owned by a thread:  ([mutex/lock_event])
[0x00007fcbc0006960] Threads_lock - owner thread: 0x00007fcbc0078000
[0x00007fcbc0006e60] Heap_lock - owner thread: 0x00007fcbc000a800

Heap:
 PSYoungGen      total 33280K, used 2531K [0x00000000eab00000, 0x00000000ece00000, 0x0000000100000000)
  eden space 30720K, 0% used [0x00000000eab00000,0x00000000eab00000,0x00000000ec900000)
  from space 2560K, 98% used [0x00000000ec900000,0x00000000ecb78da0,0x00000000ecb80000)
  to   space 2560K, 0% used [0x00000000ecb80000,0x00000000ecb80000,0x00000000ece00000)
 ParOldGen       total 40960K, used 25096K [0x00000000c0000000, 0x00000000c2800000, 0x00000000eab00000)
  object space 40960K, 61% used [0x00000000c0000000,0x00000000c1882108,0x00000000c2800000)
 Metaspace       used 7113K, capacity 7768K, committed 7936K, reserved 1056768K
  class space    used 693K, capacity 720K, committed 768K, reserved 1048576K

Card table byte_map: [0x00007fcbafbad000,0x00007fcbafdae000] byte_map_base: 0x00007fcbaf5ad000

Marking Bits: (ParMarkBitMap*) 0x00007fcbc5672760
 Begin Bits: [0x00007fcbad7a9000, 0x00007fcbae7a9000)
 End Bits:   [0x00007fcbae7a9000, 0x00007fcbaf7a9000)

Polling page: 0x00007fcbc62b9000

CodeCache: size=245760Kb used=7067Kb max_used=7079Kb free=238692Kb
 bounds [0x00007fcbb016e000, 0x00007fcbb086e000, 0x00007fcbbf16e000]
 total_blobs=2409 nmethods=2116 adapters=207
 compilation: enabled

Compilation events (10 events):
Event: 4,646 Thread 0x00007fcbc00be000 2154       2       com.android.dx.io.instructions.AddressMap::get (28 bytes)
Event: 4,647 Thread 0x00007fcbc00be000 nmethod 2154 0x00007fcbb085aed0 code [0x00007fcbb085b040, 0x00007fcbb085b2c8]
Event: 4,650 Thread 0x00007fcbc00b9800 nmethod 2121 0x00007fcbb085d710 code [0x00007fcbb085d8c0, 0x00007fcbb085df38]
Event: 4,650 Thread 0x00007fcbc00b9800 2128       4       com.android.dex.Dex::open (104 bytes)
Event: 4,653 Thread 0x00007fcbc00be000 2156       1       com.android.dx.io.instructions.PackedSwitchPayloadDecodedInstruction::getTargets (5 bytes)
Event: 4,653 Thread 0x00007fcbc00be000 nmethod 2156 0x00007fcbb085ac10 code [0x00007fcbb085ad60, 0x00007fcbb085ae70]
Event: 4,653 Thread 0x00007fcbc00be000 2157       1       com.android.dx.io.instructions.PackedSwitchPayloadDecodedInstruction::getFirstKey (5 bytes)
Event: 4,653 Thread 0x00007fcbc00be000 nmethod 2157 0x00007fcbb085a950 code [0x00007fcbb085aaa0, 0x00007fcbb085abb0]
Event: 4,657 Thread 0x00007fcbc00bc800 nmethod 2138 0x00007fcbb085e6d0 code [0x00007fcbb085e820, 0x00007fcbb085ec58]
Event: 4,657 Thread 0x00007fcbc00bc800 2144       4       com.android.dx.io.instructions.InstructionCodec$18::decode (51 bytes)

GC Heap History (9 events):
Event: 3,072 GC heap before
{Heap before GC invocations=1 (full 0):
 PSYoungGen      total 17920K, used 15360K [0x00000000eab00000, 0x00000000ebf00000, 0x0000000100000000)
  eden space 15360K, 100% used [0x00000000eab00000,0x00000000eba00000,0x00000000eba00000)
  from space 2560K, 0% used [0x00000000ebc80000,0x00000000ebc80000,0x00000000ebf00000)
  to   space 2560K, 0% used [0x00000000eba00000,0x00000000eba00000,0x00000000ebc80000)
 ParOldGen       total 40960K, used 0K [0x00000000c0000000, 0x00000000c2800000, 0x00000000eab00000)
  object space 40960K, 0% used [0x00000000c0000000,0x00000000c0000000,0x00000000c2800000)
 Metaspace       used 5329K, capacity 6704K, committed 6784K, reserved 1056768K
  class space    used 539K, capacity 616K, committed 640K, reserved 1048576K
Event: 3,081 GC heap after
Heap after GC invocations=1 (full 0):
 PSYoungGen      total 17920K, used 2528K [0x00000000eab00000, 0x00000000ebf00000, 0x0000000100000000)
  eden space 15360K, 0% used [0x00000000eab00000,0x00000000eab00000,0x00000000eba00000)
  from space 2560K, 98% used [0x00000000eba00000,0x00000000ebc78038,0x00000000ebc80000)
  to   space 2560K, 0% used [0x00000000ebc80000,0x00000000ebc80000,0x00000000ebf00000)
 ParOldGen       total 40960K, used 1810K [0x00000000c0000000, 0x00000000c2800000, 0x00000000eab00000)
  object space 40960K, 4% used [0x00000000c0000000,0x00000000c01c4ba8,0x00000000c2800000)
 Metaspace       used 5329K, capacity 6704K, committed 6784K, reserved 1056768K
  class space    used 539K, capacity 616K, committed 640K, reserved 1048576K
}
Event: 3,448 GC heap before
{Heap before GC invocations=2 (full 0):
 PSYoungGen      total 17920K, used 17377K [0x00000000eab00000, 0x00000000ebf00000, 0x0000000100000000)
  eden space 15360K, 96% used [0x00000000eab00000,0x00000000eb980478,0x00000000eba00000)
  from space 2560K, 98% used [0x00000000eba00000,0x00000000ebc78038,0x00000000ebc80000)
  to   space 2560K, 0% used [0x00000000ebc80000,0x00000000ebc80000,0x00000000ebf00000)
 ParOldGen       total 40960K, used 1810K [0x00000000c0000000, 0x00000000c2800000, 0x00000000eab00000)
  object space 40960K, 4% used [0x00000000c0000000,0x00000000c01c4ba8,0x00000000c2800000)
 Metaspace       used 5508K, capacity 6832K, committed 7040K, reserved 1056768K
  class space    used 542K, capacity 616K, committed 640K, reserved 1048576K
Event: 3,466 GC heap after
Heap after GC invocations=2 (full 0):
 PSYoungGen      total 17920K, used 2528K [0x00000000eab00000, 0x00000000ece00000, 0x0000000100000000)
  eden space 15360K, 0% used [0x00000000eab00000,0x00000000eab00000,0x00000000eba00000)
  from space 2560K, 98% used [0x00000000ebc80000,0x00000000ebef8018,0x00000000ebf00000)
  to   space 2560K, 0% used [0x00000000eba00000,0x00000000eba00000,0x00000000ebc80000)
 ParOldGen       total 40960K, used 5134K [0x00000000c0000000, 0x00000000c2800000, 0x00000000eab00000)
  object space 40960K, 12% used [0x00000000c0000000,0x00000000c0503880,0x00000000c2800000)
 Metaspace       used 5508K, capacity 6832K, committed 7040K, reserved 1056768K
  class space    used 542K, capacity 616K, committed 640K, reserved 1048576K
}
Event: 4,249 GC heap before
{Heap before GC invocations=3 (full 0):
 PSYoungGen      total 17920K, used 17760K [0x00000000eab00000, 0x00000000ece00000, 0x0000000100000000)
  eden space 15360K, 99% used [0x00000000eab00000,0x00000000eb9e0188,0x00000000eba00000)
  from space 2560K, 98% used [0x00000000ebc80000,0x00000000ebef8018,0x00000000ebf00000)
  to   space 2560K, 0% used [0x00000000eba00000,0x00000000eba00000,0x00000000ebc80000)
 ParOldGen       total 40960K, used 5134K [0x00000000c0000000, 0x00000000c2800000, 0x00000000eab00000)
  object space 40960K, 12% used [0x00000000c0000000,0x00000000c0503880,0x00000000c2800000)
 Metaspace       used 7037K, capacity 7704K, committed 7936K, reserved 1056768K
  class space    used 693K, capacity 720K, committed 768K, reserved 1048576K
Event: 4,263 GC heap after
Heap after GC invocations=3 (full 0):
 PSYoungGen      total 17920K, used 2556K [0x00000000eab00000, 0x00000000ece00000, 0x0000000100000000)
  eden space 15360K, 0% used [0x00000000eab00000,0x00000000eab00000,0x00000000eba00000)
  from space 2560K, 99% used [0x00000000eba00000,0x00000000ebc7f380,0x00000000ebc80000)
  to   space 2560K, 0% used [0x00000000ecb80000,0x00000000ecb80000,0x00000000ece00000)
 ParOldGen       total 40960K, used 7764K [0x00000000c0000000, 0x00000000c2800000, 0x00000000eab00000)
  object space 40960K, 18% used [0x00000000c0000000,0x00000000c07952d0,0x00000000c2800000)
 Metaspace       used 7037K, capacity 7704K, committed 7936K, reserved 1056768K
  class space    used 693K, capacity 720K, committed 768K, reserved 1048576K
}
Event: 4,424 GC heap before
{Heap before GC invocations=4 (full 0):
 PSYoungGen      total 17920K, used 17916K [0x00000000eab00000, 0x00000000ece00000, 0x0000000100000000)
  eden space 15360K, 100% used [0x00000000eab00000,0x00000000eba00000,0x00000000eba00000)
  from space 2560K, 99% used [0x00000000eba00000,0x00000000ebc7f380,0x00000000ebc80000)
  to   space 2560K, 0% used [0x00000000ecb80000,0x00000000ecb80000,0x00000000ece00000)
 ParOldGen       total 40960K, used 7764K [0x00000000c0000000, 0x00000000c2800000, 0x00000000eab00000)
  object space 40960K, 18% used [0x00000000c0000000,0x00000000c07952d0,0x00000000c2800000)
 Metaspace       used 7079K, capacity 7768K, committed 7936K, reserved 1056768K
  class space    used 693K, capacity 720K, committed 768K, reserved 1048576K
Event: 4,446 GC heap after
Heap after GC invocations=4 (full 0):
 PSYoungGen      total 33280K, used 2531K [0x00000000eab00000, 0x00000000ece00000, 0x0000000100000000)
  eden space 30720K, 0% used [0x00000000eab00000,0x00000000eab00000,0x00000000ec900000)
  from space 2560K, 98% used [0x00000000ecb80000,0x00000000ecdf8e50,0x00000000ece00000)
  to   space 2560K, 0% used [0x00000000ec900000,0x00000000ec900000,0x00000000ecb80000)
 ParOldGen       total 40960K, used 15366K [0x00000000c0000000, 0x00000000c2800000, 0x00000000eab00000)
  object space 40960K, 37% used [0x00000000c0000000,0x00000000c0f01a68,0x00000000c2800000)
 Metaspace       used 7079K, capacity 7768K, committed 7936K, reserved 1056768K
  class space    used 693K, capacity 720K, committed 768K, reserved 1048576K
}
Event: 4,658 GC heap before
{Heap before GC invocations=5 (full 0):
 PSYoungGen      total 33280K, used 33251K [0x00000000eab00000, 0x00000000ece00000, 0x0000000100000000)
  eden space 30720K, 100% used [0x00000000eab00000,0x00000000ec900000,0x00000000ec900000)
  from space 2560K, 98% used [0x00000000ecb80000,0x00000000ecdf8e50,0x00000000ece00000)
  to   space 2560K, 0% used [0x00000000ec900000,0x00000000ec900000,0x00000000ecb80000)
 ParOldGen       total 40960K, used 15366K [0x00000000c0000000, 0x00000000c2800000, 0x00000000eab00000)
  object space 40960K, 37% used [0x00000000c0000000,0x00000000c0f01a68,0x00000000c2800000)
 Metaspace       used 7113K, capacity 7768K, committed 7936K, reserved 1056768K
  class space    used 693K, capacity 720K, committed 768K, reserved 1048576K

Deoptimization events (10 events):
Event: 3,793 Thread 0x00007fcbc000a800 Uncommon trap: reason=class_check action=maybe_recompile pc=0x00007fcbb06201d4 method=java.util.HashMap.putVal(ILjava/lang/Object;Ljava/lang/Object;ZZ)Ljava/lang/Object; @ 56
Event: 3,793 Thread 0x00007fcbc000a800 Uncommon trap: reason=class_check action=maybe_recompile pc=0x00007fcbb06201d4 method=java.util.HashMap.putVal(ILjava/lang/Object;Ljava/lang/Object;ZZ)Ljava/lang/Object; @ 56
Event: 3,793 Thread 0x00007fcbc000a800 Uncommon trap: reason=class_check action=maybe_recompile pc=0x00007fcbb06201d4 method=java.util.HashMap.putVal(ILjava/lang/Object;Ljava/lang/Object;ZZ)Ljava/lang/Object; @ 56
Event: 3,793 Thread 0x00007fcbc000a800 Uncommon trap: reason=class_check action=maybe_recompile pc=0x00007fcbb06201d4 method=java.util.HashMap.putVal(ILjava/lang/Object;Ljava/lang/Object;ZZ)Ljava/lang/Object; @ 56
Event: 3,796 Thread 0x00007fcbc000a800 Uncommon trap: reason=bimorphic action=maybe_recompile pc=0x00007fcbb0490ff0 method=java.util.HashMap.getNode(ILjava/lang/Object;)Ljava/util/HashMap$Node; @ 126
Event: 3,920 Thread 0x00007fcbc000a800 Uncommon trap: reason=unstable_if action=reinterpret pc=0x00007fcbb06d7f48 method=java.util.HashMap.putVal(ILjava/lang/Object;Ljava/lang/Object;ZZ)Ljava/lang/Object; @ 162
Event: 3,920 Thread 0x00007fcbc000a800 Uncommon trap: reason=unstable_if action=reinterpret pc=0x00007fcbb06d39a8 method=java.util.HashMap.putVal(ILjava/lang/Object;Ljava/lang/Object;ZZ)Ljava/lang/Object; @ 162
Event: 4,168 Thread 0x00007fcbc000a800 Uncommon trap: reason=predicate action=maybe_recompile pc=0x00007fcbb0758f7c method=com.android.dex.Leb128.readUnsignedLeb128(Lcom/android/dex/util/ByteInput;)I @ 41
Event: 4,176 Thread 0x00007fcbc000a800 Uncommon trap: reason=unstable_if action=reinterpret pc=0x00007fcbb076cce4 method=java.util.HashMap.resize()[Ljava/util/HashMap$Node; @ 206
Event: 4,302 Thread 0x00007fcbc000a800 Uncommon trap: reason=unstable_if action=reinterpret pc=0x00007fcbb04b5f50 method=java.util.HashMap.getNode(ILjava/lang/Object;)Ljava/util/HashMap$Node; @ 84

Internal exceptions (2 events):
Event: 1,720 Thread 0x00007fcbc000a800 Exception <a 'java/lang/NoSuchMethodError': Method sun.misc.Unsafe.defineClass(Ljava/lang/String;[BII)Ljava/lang/Class; name or signature does not match> (0x00000000eab12a38) thrown at [/RE-WORK/workspace/8-2-build-linux-amd64/jdk8u45/3457/hotspot/src/sha
Event: 1,721 Thread 0x00007fcbc000a800 Exception <a 'java/lang/NoSuchMethodError': Method sun.misc.Unsafe.prefetchRead(Ljava/lang/Object;J)V name or signature does not match> (0x00000000eab12cc8) thrown at [/RE-WORK/workspace/8-2-build-linux-amd64/jdk8u45/3457/hotspot/src/share/vm/prims/jni.cp

Events (10 events):
Event: 4,641 Thread 0x00007fcbc000a800 DEOPT UNPACKING pc=0x00007fcbb01b5633 sp=0x00007fcbc629bf70 mode 0
Event: 4,644 Thread 0x00007fcbc000a800 DEOPT PACKING pc=0x00007fcbb079494e sp=0x00007fcbc629c230
Event: 4,644 Thread 0x00007fcbc000a800 DEOPT UNPACKING pc=0x00007fcbb01b5633 sp=0x00007fcbc629bf70 mode 0
Event: 4,648 Thread 0x00007fcbc000a800 DEOPT PACKING pc=0x00007fcbb079494e sp=0x00007fcbc629c230
Event: 4,648 Thread 0x00007fcbc000a800 DEOPT UNPACKING pc=0x00007fcbb01b5633 sp=0x00007fcbc629bf70 mode 0
Event: 4,651 Thread 0x00007fcbc000a800 DEOPT PACKING pc=0x00007fcbb079494e sp=0x00007fcbc629c230
Event: 4,651 Thread 0x00007fcbc000a800 DEOPT UNPACKING pc=0x00007fcbb01b5633 sp=0x00007fcbc629bf70 mode 0
Event: 4,655 Thread 0x00007fcbc000a800 DEOPT PACKING pc=0x00007fcbb079494e sp=0x00007fcbc629c230
Event: 4,655 Thread 0x00007fcbc000a800 DEOPT UNPACKING pc=0x00007fcbb01b5633 sp=0x00007fcbc629bf70 mode 0
Event: 4,658 Executing VM operation: ParallelGCFailedAllocation


Dynamic libraries:
00400000-00401000 r-xp 00000000 08:06 927070                             /usr/lib/jvm/jdk1.8.0_45/bin/java
00600000-00601000 rw-p 00000000 08:06 927070                             /usr/lib/jvm/jdk1.8.0_45/bin/java
013bb000-013dc000 rw-p 00000000 00:00 0                                  [heap]
c0000000-c2800000 rw-p 00000000 00:00 0 
c2800000-eab00000 ---p 00000000 00:00 0 
eab00000-ece00000 rw-p 00000000 00:00 0 
f0100000-100000000 ---p 00000000 00:00 0 
100000000-1000c0000 rw-p 00000000 00:00 0 
1000c0000-140000000 ---p 00000000 00:00 0 
7fcb70000000-7fcb70021000 rw-p 00000000 00:00 0 
7fcb70021000-7fcb74000000 ---p 00000000 00:00 0 
7fcb78000000-7fcb78407000 rw-p 00000000 00:00 0 
7fcb78407000-7fcb7c000000 ---p 00000000 00:00 0 
7fcb7c000000-7fcb7c021000 rw-p 00000000 00:00 0 
7fcb7c021000-7fcb80000000 ---p 00000000 00:00 0 
7fcb80000000-7fcb805ca000 rw-p 00000000 00:00 0 
7fcb805ca000-7fcb84000000 ---p 00000000 00:00 0 
7fcb84000000-7fcb84599000 rw-p 00000000 00:00 0 
7fcb84599000-7fcb88000000 ---p 00000000 00:00 0 
7fcb88000000-7fcb88021000 rw-p 00000000 00:00 0 
7fcb88021000-7fcb8c000000 ---p 00000000 00:00 0 
7fcb8c000000-7fcb8c021000 rw-p 00000000 00:00 0 
7fcb8c021000-7fcb90000000 ---p 00000000 00:00 0 
7fcb90000000-7fcb9028a000 rw-p 00000000 00:00 0 
7fcb9028a000-7fcb94000000 ---p 00000000 00:00 0 
7fcb94000000-7fcb94021000 rw-p 00000000 00:00 0 
7fcb94021000-7fcb98000000 ---p 00000000 00:00 0 
7fcb98000000-7fcb98021000 rw-p 00000000 00:00 0 
7fcb98021000-7fcb9c000000 ---p 00000000 00:00 0 
7fcb9ec01000-7fcb9ec10000 r--s 000dd000 08:07 666332                     /home/fausta/Android/Sdk/build-tools/21.1.2/lib/dx.jar
7fcb9ec10000-7fcb9ec11000 ---p 00000000 00:00 0 
7fcb9ec11000-7fcb9ed11000 rw-p 00000000 00:00 0                          [stack:3978]
7fcb9ed11000-7fcb9ed14000 ---p 00000000 00:00 0 
7fcb9ed14000-7fcb9ee12000 rw-p 00000000 00:00 0                          [stack:3977]
7fcb9ee12000-7fcb9ee15000 ---p 00000000 00:00 0 
7fcb9ee15000-7fcb9ef13000 rw-p 00000000 00:00 0                          [stack:3976]
7fcb9ef13000-7fcb9ef16000 ---p 00000000 00:00 0 
7fcb9ef16000-7fcb9f014000 rw-p 00000000 00:00 0                          [stack:3975]
7fcb9f014000-7fcb9f017000 ---p 00000000 00:00 0 
7fcb9f017000-7fcb9f115000 rw-p 00000000 00:00 0                          [stack:3974]
7fcb9f115000-7fcb9f118000 ---p 00000000 00:00 0 
7fcb9f118000-7fcb9f216000 rw-p 00000000 00:00 0                          [stack:3973]
7fcb9f216000-7fcb9f8f9000 r--p 00000000 08:06 1051360                    /usr/lib/locale/locale-archive
7fcb9f8f9000-7fcb9f8fc000 ---p 00000000 00:00 0 
7fcb9f8fc000-7fcb9f9fa000 rw-p 00000000 00:00 0                          [stack:3972]
7fcb9f9fa000-7fcb9f9fd000 ---p 00000000 00:00 0 
7fcb9f9fd000-7fcb9fafb000 rw-p 00000000 00:00 0                          [stack:3971]
7fcb9fafb000-7fcb9fafc000 ---p 00000000 00:00 0 
7fcb9fafc000-7fcba0000000 rw-p 00000000 00:00 0                          [stack:3970]
7fcba0000000-7fcba0021000 rw-p 00000000 00:00 0 
7fcba0021000-7fcba4000000 ---p 00000000 00:00 0 
7fcba4000000-7fcba4021000 rw-p 00000000 00:00 0 
7fcba4021000-7fcba8000000 ---p 00000000 00:00 0 
7fcba8000000-7fcba8021000 rw-p 00000000 00:00 0 
7fcba8021000-7fcbac000000 ---p 00000000 00:00 0 
7fcbac00d000-7fcbacb5a000 rw-p 00000000 00:00 0 
7fcbacb5a000-7fcbacd33000 r--s 03d09000 08:06 1065733                    /usr/lib/jvm/jdk1.8.0_45/jre/lib/rt.jar
7fcbacd33000-7fcbad4a9000 rw-p 00000000 00:00 0 
7fcbad4a9000-7fcbad5a9000 ---p 00000000 00:00 0 
7fcbad5a9000-7fcbaf7a9000 rw-p 00000000 00:00 0 
7fcbaf7a9000-7fcbaf7aa000 ---p 00000000 00:00 0 
7fcbaf7aa000-7fcbaf8aa000 rw-p 00000000 00:00 0                          [stack:3969]
7fcbaf8aa000-7fcbaf8ab000 ---p 00000000 00:00 0 
7fcbaf8ab000-7fcbaf9ab000 rw-p 00000000 00:00 0                          [stack:3968]
7fcbaf9ab000-7fcbaf9ac000 ---p 00000000 00:00 0 
7fcbaf9ac000-7fcbafaac000 rw-p 00000000 00:00 0                          [stack:3967]
7fcbafaac000-7fcbafaad000 ---p 00000000 00:00 0 
7fcbafaad000-7fcbafbc1000 rw-p 00000000 00:00 0                          [stack:3966]
7fcbafbc1000-7fcbafd02000 ---p 00000000 00:00 0 
7fcbafd02000-7fcbafd14000 rw-p 00000000 00:00 0 
7fcbafd14000-7fcbafdad000 ---p 00000000 00:00 0 
7fcbafdad000-7fcbafdca000 rw-p 00000000 00:00 0 
7fcbafdca000-7fcbb016e000 ---p 00000000 00:00 0 
7fcbb016e000-7fcbb086e000 rwxp 00000000 00:00 0 
7fcbb086e000-7fcbbf16e000 ---p 00000000 00:00 0 
7fcbbf16e000-7fcbbf188000 r-xp 00000000 08:06 1191848                    /usr/lib/jvm/jdk1.8.0_45/jre/lib/amd64/libzip.so
7fcbbf188000-7fcbbf388000 ---p 0001a000 08:06 1191848                    /usr/lib/jvm/jdk1.8.0_45/jre/lib/amd64/libzip.so
7fcbbf388000-7fcbbf389000 rw-p 0001a000 08:06 1191848                    /usr/lib/jvm/jdk1.8.0_45/jre/lib/amd64/libzip.so
7fcbbf389000-7fcbbf394000 r-xp 00000000 08:06 784997                     /lib/x86_64-linux-gnu/libnss_files-2.19.so
7fcbbf394000-7fcbbf593000 ---p 0000b000 08:06 784997                     /lib/x86_64-linux-gnu/libnss_files-2.19.so
7fcbbf593000-7fcbbf594000 r--p 0000a000 08:06 784997                     /lib/x86_64-linux-gnu/libnss_files-2.19.so
7fcbbf594000-7fcbbf595000 rw-p 0000b000 08:06 784997                     /lib/x86_64-linux-gnu/libnss_files-2.19.so
7fcbbf595000-7fcbbf5a0000 r-xp 00000000 08:06 789449                     /lib/x86_64-linux-gnu/libnss_nis-2.19.so
7fcbbf5a0000-7fcbbf79f000 ---p 0000b000 08:06 789449                     /lib/x86_64-linux-gnu/libnss_nis-2.19.so
7fcbbf79f000-7fcbbf7a0000 r--p 0000a000 08:06 789449                     /lib/x86_64-linux-gnu/libnss_nis-2.19.so
7fcbbf7a0000-7fcbbf7a1000 rw-p 0000b000 08:06 789449                     /lib/x86_64-linux-gnu/libnss_nis-2.19.so
7fcbbf7a1000-7fcbbf7b8000 r-xp 00000000 08:06 789438                     /lib/x86_64-linux-gnu/libnsl-2.19.so
7fcbbf7b8000-7fcbbf9b7000 ---p 00017000 08:06 789438                     /lib/x86_64-linux-gnu/libnsl-2.19.so
7fcbbf9b7000-7fcbbf9b8000 r--p 00016000 08:06 789438                     /lib/x86_64-linux-gnu/libnsl-2.19.so
7fcbbf9b8000-7fcbbf9b9000 rw-p 00017000 08:06 789438                     /lib/x86_64-linux-gnu/libnsl-2.19.so
7fcbbf9b9000-7fcbbf9bb000 rw-p 00000000 00:00 0 
7fcbbf9bb000-7fcbbf9c4000 r-xp 00000000 08:06 789437                     /lib/x86_64-linux-gnu/libnss_compat-2.19.so
7fcbbf9c4000-7fcbbfbc3000 ---p 00009000 08:06 789437                     /lib/x86_64-linux-gnu/libnss_compat-2.19.so
7fcbbfbc3000-7fcbbfbc4000 r--p 00008000 08:06 789437                     /lib/x86_64-linux-gnu/libnss_compat-2.19.so
7fcbbfbc4000-7fcbbfbc5000 rw-p 00009000 08:06 789437                     /lib/x86_64-linux-gnu/libnss_compat-2.19.so
7fcbbfbc5000-7fcbbfbef000 r-xp 00000000 08:06 1191865                    /usr/lib/jvm/jdk1.8.0_45/jre/lib/amd64/libjava.so
7fcbbfbef000-7fcbbfdef000 ---p 0002a000 08:06 1191865                    /usr/lib/jvm/jdk1.8.0_45/jre/lib/amd64/libjava.so
7fcbbfdef000-7fcbbfdf1000 rw-p 0002a000 08:06 1191865                    /usr/lib/jvm/jdk1.8.0_45/jre/lib/amd64/libjava.so
7fcbbfdf1000-7fcbbfdfe000 r-xp 00000000 08:06 1191866                    /usr/lib/jvm/jdk1.8.0_45/jre/lib/amd64/libverify.so
7fcbbfdfe000-7fcbbfffe000 ---p 0000d000 08:06 1191866                    /usr/lib/jvm/jdk1.8.0_45/jre/lib/amd64/libverify.so
7fcbbfffe000-7fcbc0000000 rw-p 0000d000 08:06 1191866                    /usr/lib/jvm/jdk1.8.0_45/jre/lib/amd64/libverify.so
7fcbc0000000-7fcbc03b1000 rw-p 00000000 00:00 0 
7fcbc03b1000-7fcbc4000000 ---p 00000000 00:00 0 
7fcbc4001000-7fcbc4085000 rw-p 00000000 00:00 0 
7fcbc4085000-7fcbc41c7000 ---p 00000000 00:00 0 
7fcbc41c7000-7fcbc41ce000 r-xp 00000000 08:06 789446                     /lib/x86_64-linux-gnu/librt-2.19.so
7fcbc41ce000-7fcbc43cd000 ---p 00007000 08:06 789446                     /lib/x86_64-linux-gnu/librt-2.19.so
7fcbc43cd000-7fcbc43ce000 r--p 00006000 08:06 789446                     /lib/x86_64-linux-gnu/librt-2.19.so
7fcbc43ce000-7fcbc43cf000 rw-p 00007000 08:06 789446                     /lib/x86_64-linux-gnu/librt-2.19.so
7fcbc43cf000-7fcbc44d4000 r-xp 00000000 08:06 784996                     /lib/x86_64-linux-gnu/libm-2.19.so
7fcbc44d4000-7fcbc46d3000 ---p 00105000 08:06 784996                     /lib/x86_64-linux-gnu/libm-2.19.so
7fcbc46d3000-7fcbc46d4000 r--p 00104000 08:06 784996                     /lib/x86_64-linux-gnu/libm-2.19.so
7fcbc46d4000-7fcbc46d5000 rw-p 00105000 08:06 784996                     /lib/x86_64-linux-gnu/libm-2.19.so
7fcbc46d5000-7fcbc5383000 r-xp 00000000 08:06 1191878                    /usr/lib/jvm/jdk1.8.0_45/jre/lib/amd64/server/libjvm.so
7fcbc5383000-7fcbc5582000 ---p 00cae000 08:06 1191878                    /usr/lib/jvm/jdk1.8.0_45/jre/lib/amd64/server/libjvm.so
7fcbc5582000-7fcbc5659000 rw-p 00cad000 08:06 1191878                    /usr/lib/jvm/jdk1.8.0_45/jre/lib/amd64/server/libjvm.so
7fcbc5659000-7fcbc569d000 rw-p 00000000 00:00 0 
7fcbc569d000-7fcbc5858000 r-xp 00000000 08:06 789443                     /lib/x86_64-linux-gnu/libc-2.19.so
7fcbc5858000-7fcbc5a57000 ---p 001bb000 08:06 789443                     /lib/x86_64-linux-gnu/libc-2.19.so
7fcbc5a57000-7fcbc5a5b000 r--p 001ba000 08:06 789443                     /lib/x86_64-linux-gnu/libc-2.19.so
7fcbc5a5b000-7fcbc5a5d000 rw-p 001be000 08:06 789443                     /lib/x86_64-linux-gnu/libc-2.19.so
7fcbc5a5d000-7fcbc5a62000 rw-p 00000000 00:00 0 
7fcbc5a62000-7fcbc5a65000 r-xp 00000000 08:06 785000                     /lib/x86_64-linux-gnu/libdl-2.19.so
7fcbc5a65000-7fcbc5c64000 ---p 00003000 08:06 785000                     /lib/x86_64-linux-gnu/libdl-2.19.so
7fcbc5c64000-7fcbc5c65000 r--p 00002000 08:06 785000                     /lib/x86_64-linux-gnu/libdl-2.19.so
7fcbc5c65000-7fcbc5c66000 rw-p 00003000 08:06 785000                     /lib/x86_64-linux-gnu/libdl-2.19.so
7fcbc5c66000-7fcbc5c7b000 r-xp 00000000 08:06 927023                     /usr/lib/jvm/jdk1.8.0_45/lib/amd64/jli/libjli.so
7fcbc5c7b000-7fcbc5e7b000 ---p 00015000 08:06 927023                     /usr/lib/jvm/jdk1.8.0_45/lib/amd64/jli/libjli.so
7fcbc5e7b000-7fcbc5e7c000 rw-p 00015000 08:06 927023                     /usr/lib/jvm/jdk1.8.0_45/lib/amd64/jli/libjli.so
7fcbc5e7c000-7fcbc5e95000 r-xp 00000000 08:06 789444                     /lib/x86_64-linux-gnu/libpthread-2.19.so
7fcbc5e95000-7fcbc6094000 ---p 00019000 08:06 789444                     /lib/x86_64-linux-gnu/libpthread-2.19.so
7fcbc6094000-7fcbc6095000 r--p 00018000 08:06 789444                     /lib/x86_64-linux-gnu/libpthread-2.19.so
7fcbc6095000-7fcbc6096000 rw-p 00019000 08:06 789444                     /lib/x86_64-linux-gnu/libpthread-2.19.so
7fcbc6096000-7fcbc609a000 rw-p 00000000 00:00 0 
7fcbc609a000-7fcbc60bd000 r-xp 00000000 08:06 789440                     /lib/x86_64-linux-gnu/ld-2.19.so
7fcbc60c4000-7fcbc619d000 rw-p 00000000 00:00 0 
7fcbc619d000-7fcbc61a0000 ---p 00000000 00:00 0 
7fcbc61a0000-7fcbc62a2000 rw-p 00000000 00:00 0                          [stack:3965]
7fcbc62aa000-7fcbc62ab000 rw-p 00000000 00:00 0 
7fcbc62ab000-7fcbc62b0000 r--s 00094000 08:06 1065742                    /usr/lib/jvm/jdk1.8.0_45/jre/lib/jsse.jar
7fcbc62b0000-7fcbc62b8000 rw-s 00000000 08:06 392540                     /tmp/hsperfdata_fausta/3959
7fcbc62b8000-7fcbc62b9000 rw-p 00000000 00:00 0 
7fcbc62b9000-7fcbc62ba000 ---p 00000000 00:00 0 
7fcbc62ba000-7fcbc62bc000 rw-p 00000000 00:00 0 
7fcbc62bc000-7fcbc62bd000 r--p 00022000 08:06 789440                     /lib/x86_64-linux-gnu/ld-2.19.so
7fcbc62bd000-7fcbc62be000 rw-p 00023000 08:06 789440                     /lib/x86_64-linux-gnu/ld-2.19.so
7fcbc62be000-7fcbc62bf000 rw-p 00000000 00:00 0 
7fffa0473000-7fffa0494000 rw-p 00000000 00:00 0                          [stack]
7fffa051a000-7fffa051c000 r-xp 00000000 00:00 0                          [vdso]
7fffa051c000-7fffa051e000 r--p 00000000 00:00 0                          [vvar]
ffffffffff600000-ffffffffff601000 r-xp 00000000 00:00 0                  [vsyscall]

VM Arguments:
jvm_args: -Xmx1024M -Dfile.encoding=UTF-8 -Duser.country=US -Duser.language=en -Duser.variant 
java_command: com.android.dx.command.Main --dex --output /home/fausta/AndroidStudioProjects/COLLEGE_ASSIGNMENT/Group/boxfight/app/build/intermediates/dex/debug /home/fausta/AndroidStudioProjects/COLLEGE_ASSIGNMENT/Group/boxfight/app/build/intermediates/classes/debug /home/fausta/AndroidStudioProjects/COLLEGE_ASSIGNMENT/Group/boxfight/app/build/intermediates/pre-dexed/debug/support-annotations-22.2.1-54cd119c27d33ce7b515135023b4ca757cd2fa75.jar /home/fausta/AndroidStudioProjects/COLLEGE_ASSIGNMENT/Group/boxfight/app/build/intermediates/pre-dexed/debug/classes-aa2e3caae7d774621e45ac1c78b8c77b06332977.jar /home/fausta/AndroidStudioProjects/COLLEGE_ASSIGNMENT/Group/boxfight/app/build/intermediates/pre-dexed/debug/internal_impl-22.2.1-1cc58811a006bc34df3a238ec51840617876cd65.jar /home/fausta/AndroidStudioProjects/COLLEGE_ASSIGNMENT/Group/boxfight/app/build/intermediates/pre-dexed/debug/classes-d814ea26d7c90b851af94bdb5ee9f1cacc24b220.jar /home/fausta/AndroidStudioProjects/COLLEGE_ASSIGNMENT/Group/boxfight/app/build/intermediates/pre-dexed/debug/classes-44e40ce4910c8870fc159a3085bfade2406a7c5a.jar
java_class_path (initial): /home/fausta/Android/Sdk/build-tools/21.1.2/lib/dx.jar
Launcher Type: SUN_STANDARD

Environment Variables:
PATH=/usr/local/sbin:/usr/local/bin:/usr/sbin:/usr/bin:/sbin:/bin:/usr/games:/usr/local/games:/home/fausta/Android/Sdk/tools:/home/fausta/Android/Sdk/platform-tools
SHELL=/bin/bash
DISPLAY=:0

Signal Handlers:
SIGSEGV: [libjvm.so+0xaad1e0], sa_mask[0]=11111111011111111101111111111110, sa_flags=SA_RESTART|SA_SIGINFO
SIGBUS: [libjvm.so+0xaad1e0], sa_mask[0]=11111111011111111101111111111110, sa_flags=SA_RESTART|SA_SIGINFO
SIGFPE: [libjvm.so+0x90b450], sa_mask[0]=11111111011111111101111111111110, sa_flags=SA_RESTART|SA_SIGINFO
SIGPIPE: [libjvm.so+0x90b450], sa_mask[0]=11111111011111111101111111111110, sa_flags=SA_RESTART|SA_SIGINFO
SIGXFSZ: [libjvm.so+0x90b450], sa_mask[0]=11111111011111111101111111111110, sa_flags=SA_RESTART|SA_SIGINFO
SIGILL: [libjvm.so+0x90b450], sa_mask[0]=11111111011111111101111111111110, sa_flags=SA_RESTART|SA_SIGINFO
SIGUSR1: SIG_DFL, sa_mask[0]=00000000000000000000000000000000, sa_flags=none
SIGUSR2: [libjvm.so+0x90ca90], sa_mask[0]=00100000000000000000000000000000, sa_flags=SA_RESTART|SA_SIGINFO
SIGHUP: [libjvm.so+0x90dde0], sa_mask[0]=11111111011111111101111111111110, sa_flags=SA_RESTART|SA_SIGINFO
SIGINT: [libjvm.so+0x90dde0], sa_mask[0]=11111111011111111101111111111110, sa_flags=SA_RESTART|SA_SIGINFO
SIGTERM: [libjvm.so+0x90dde0], sa_mask[0]=11111111011111111101111111111110, sa_flags=SA_RESTART|SA_SIGINFO
SIGQUIT: [libjvm.so+0x90dde0], sa_mask[0]=11111111011111111101111111111110, sa_flags=SA_RESTART|SA_SIGINFO


---------------  S Y S T E M  ---------------

OS:DISTRIB_ID=Ubuntu
DISTRIB_RELEASE=14.04
DISTRIB_CODENAME=trusty
DISTRIB_DESCRIPTION="Ubuntu 14.04.3 LTS"

uname:Linux 3.16.0-57-generic #77~14.04.1-Ubuntu SMP Thu Dec 17 23:20:00 UTC 2015 x86_64
libc:glibc 2.19 NPTL 2.19 
rlimit: STACK 8192k, CORE 0k, NPROC 15078, NOFILE 4096, AS infinity
load average:2,99 1,94 1,49

/proc/meminfo:
MemTotal:        3881684 kB
MemFree:          118032 kB
MemAvailable:      63076 kB
Buffers:             892 kB
Cached:           670436 kB
SwapCached:            0 kB
Active:          2389968 kB
Inactive:         565248 kB
Active(anon):    2386044 kB
Inactive(anon):   542400 kB
Active(file):       3924 kB
Inactive(file):    22848 kB
Unevictable:          32 kB
Mlocked:              32 kB
SwapTotal:             0 kB
SwapFree:              0 kB
Dirty:               104 kB
Writeback:             0 kB
AnonPages:       2284760 kB
Mapped:           953760 kB
Shmem:            643716 kB
Slab:              66348 kB
SReclaimable:      32248 kB
SUnreclaim:        34100 kB
KernelStack:        8832 kB
PageTables:        32856 kB
NFS_Unstable:          0 kB
Bounce:                0 kB
WritebackTmp:          0 kB
CommitLimit:     1940840 kB
Committed_AS:    5994988 kB
VmallocTotal:   34359738367 kB
VmallocUsed:      545640 kB
VmallocChunk:   34359183320 kB
HardwareCorrupted:     0 kB
AnonHugePages:    892928 kB
HugePages_Total:       0
HugePages_Free:        0
HugePages_Rsvd:        0
HugePages_Surp:        0
Hugepagesize:       2048 kB
DirectMap4k:       76544 kB
DirectMap2M:     3950592 kB


CPU:total 4 (2 cores per cpu, 2 threads per core) family 6 model 42 stepping 7, cmov, cx8, fxsr, mmx, sse, sse2, sse3, ssse3, sse4.1, sse4.2, popcnt, avx, clmul, ht, tsc, tscinvbit

/proc/cpuinfo:
processor	: 0
vendor_id	: GenuineIntel
cpu family	: 6
model		: 42
model name	: Intel(R) Core(TM) i3-2328M CPU @ 2.20GHz
stepping	: 7
microcode	: 0x26
cpu MHz		: 895.125
cache size	: 3072 KB
physical id	: 0
siblings	: 4
core id		: 0
cpu cores	: 2
apicid		: 0
initial apicid	: 0
fpu		: yes
fpu_exception	: yes
cpuid level	: 13
wp		: yes
flags		: fpu vme de pse tsc msr pae mce cx8 apic sep mtrr pge mca cmov pat pse36 clflush dts acpi mmx fxsr sse sse2 ss ht tm pbe syscall nx rdtscp lm constant_tsc arch_perfmon pebs bts rep_good nopl xtopology nonstop_tsc aperfmperf eagerfpu pni pclmulqdq dtes64 monitor ds_cpl vmx est tm2 ssse3 cx16 xtpr pdcm pcid sse4_1 sse4_2 x2apic popcnt tsc_deadline_timer xsave avx lahf_lm arat epb xsaveopt pln pts dtherm tpr_shadow vnmi flexpriority ept vpid
bogomips	: 4389.86
clflush size	: 64
cache_alignment	: 64
address sizes	: 36 bits physical, 48 bits virtual
power management:

processor	: 1
vendor_id	: GenuineIntel
cpu family	: 6
model		: 42
model name	: Intel(R) Core(TM) i3-2328M CPU @ 2.20GHz
stepping	: 7
microcode	: 0x26
cpu MHz		: 1169.179
cache size	: 3072 KB
physical id	: 0
siblings	: 4
core id		: 0
cpu cores	: 2
apicid		: 1
initial apicid	: 1
fpu		: yes
fpu_exception	: yes
cpuid level	: 13
wp		: yes
flags		: fpu vme de pse tsc msr pae mce cx8 apic sep mtrr pge mca cmov pat pse36 clflush dts acpi mmx fxsr sse sse2 ss ht tm pbe syscall nx rdtscp lm constant_tsc arch_perfmon pebs bts rep_good nopl xtopology nonstop_tsc aperfmperf eagerfpu pni pclmulqdq dtes64 monitor ds_cpl vmx est tm2 ssse3 cx16 xtpr pdcm pcid sse4_1 sse4_2 x2apic popcnt tsc_deadline_timer xsave avx lahf_lm arat epb xsaveopt pln pts dtherm tpr_shadow vnmi flexpriority ept vpid
bogomips	: 4389.86
clflush size	: 64
cache_alignment	: 64
address sizes	: 36 bits physical, 48 bits virtual
power management:

processor	: 2
vendor_id	: GenuineIntel
cpu family	: 6
model		: 42
model name	: Intel(R) Core(TM) i3-2328M CPU @ 2.20GHz
stepping	: 7
microcode	: 0x26
cpu MHz		: 872.093
cache size	: 3072 KB
physical id	: 0
siblings	: 4
core id		: 1
cpu cores	: 2
apicid		: 2
initial apicid	: 2
fpu		: yes
fpu_exception	: yes
cpuid level	: 13
wp		: yes
flags		: fpu vme de pse tsc msr pae mce cx8 apic sep mtrr pge mca cmov pat pse36 clflush dts acpi mmx fxsr sse sse2 ss ht tm pbe syscall nx rdtscp lm constant_tsc arch_perfmon pebs bts rep_good nopl xtopology nonstop_tsc aperfmperf eagerfpu pni pclmulqdq dtes64 monitor ds_cpl vmx est tm2 ssse3 cx16 xtpr pdcm pcid sse4_1 sse4_2 x2apic popcnt tsc_deadline_timer xsave avx lahf_lm arat epb xsaveopt pln pts dtherm tpr_shadow vnmi flexpriority ept vpid
bogomips	: 4389.86
clflush size	: 64
cache_alignment	: 64
address sizes	: 36 bits physical, 48 bits virtual
power management:

processor	: 3
vendor_id	: GenuineIntel
cpu family	: 6
model		: 42
model name	: Intel(R) Core(TM) i3-2328M CPU @ 2.20GHz
stepping	: 7
microcode	: 0x26
cpu MHz		: 819.070
cache size	: 3072 KB
physical id	: 0
siblings	: 4
core id		: 1
cpu cores	: 2
apicid		: 3
initial apicid	: 3
fpu		: yes
fpu_exception	: yes
cpuid level	: 13
wp		: yes
flags		: fpu vme de pse tsc msr pae mce cx8 apic sep mtrr pge mca cmov pat pse36 clflush dts acpi mmx fxsr sse sse2 ss ht tm pbe syscall nx rdtscp lm constant_tsc arch_perfmon pebs bts rep_good nopl xtopology nonstop_tsc aperfmperf eagerfpu pni pclmulqdq dtes64 monitor ds_cpl vmx est tm2 ssse3 cx16 xtpr pdcm pcid sse4_1 sse4_2 x2apic popcnt tsc_deadline_timer xsave avx lahf_lm arat epb xsaveopt pln pts dtherm tpr_shadow vnmi flexpriority ept vpid
bogomips	: 4389.86
clflush size	: 64
cache_alignment	: 64
address sizes	: 36 bits physical, 48 bits virtual
power management:



Memory: 4k page, physical 3881684k(118032k free), swap 0k(0k free)

vm_info: Java HotSpot(TM) 64-Bit Server VM (25.45-b02) for linux-amd64 JRE (1.8.0_45-b14), built on Apr 10 2015 10:07:45 by "java_re" with gcc 4.3.0 20080428 (Red Hat 4.3.0-8)

time: Mon Jan 11 12:09:25 2016
elapsed time: 12 seconds (0d 0h 0m 12s)

